2018-03-31 12:30:00,055 INFO    : 收集cookie信息
2018-03-31 12:30:00,085 INFO    : 验证cookie信息...
2018-03-31 12:30:26,328 INFO    : 验证cookie信息成功！数据抓取中...
2018-03-31 12:30:26,357 ERROR   : cookie信息不正确
Traceback (most recent call last):
  File "C:\Desktop\djangocode\untitled1\carhome.py", line 179, in main
    start(cookie, History())
  File "C:\Desktop\djangocode\untitled1\carhome.py", line 102, in start
    cook = eval(cook)
TypeError: eval() arg 1 must be a string, bytes or code object
2018-03-31 12:37:00,087 INFO    : 收集cookie信息
2018-03-31 12:37:00,109 INFO    : 验证cookie信息...
2018-03-31 12:37:13,036 INFO    : 验证cookie信息成功！数据抓取中...
2018-03-31 12:37:15,055 ERROR   : cookie信息不正确
Traceback (most recent call last):
  File "C:\Desktop\djangocode\untitled1\carhome.py", line 179, in main
    start(cookie, History())
  File "C:\Desktop\djangocode\untitled1\carhome.py", line 103, in start
    load_data(cook, history)
  File "C:\Desktop\djangocode\untitled1\carhome.py", line 123, in load_data
    iter_page(cook, page_size, history)
  File "C:\Desktop\djangocode\untitled1\carhome.py", line 134, in iter_page
    with open(file_name, 'w') as f:
OSError: [Errno 22] Invalid argument: '汽车之家_2018-03-31-12:37:15.csv'
2018-03-31 12:38:41,978 INFO    : 收集cookie信息
2018-03-31 12:38:41,979 INFO    : 验证cookie信息...
2018-03-31 12:38:50,870 INFO    : 验证cookie信息成功！数据抓取中...
2018-03-31 12:38:51,632 ERROR   : cookie信息不正确
Traceback (most recent call last):
  File "C:\Desktop\djangocode\untitled1\carhome.py", line 179, in main
    start(cookie, History())
  File "C:\Desktop\djangocode\untitled1\carhome.py", line 103, in start
    load_data(cook, history)
  File "C:\Desktop\djangocode\untitled1\carhome.py", line 123, in load_data
    iter_page(cook, page_size, history)
  File "C:\Desktop\djangocode\untitled1\carhome.py", line 134, in iter_page
    with open(file_name, 'w') as f:
OSError: [Errno 22] Invalid argument: '汽车之家2018-03-31-12:38:51.csv'
2018-03-31 12:39:54,552 INFO    : 收集cookie信息
2018-03-31 12:39:54,552 INFO    : 验证cookie信息...
2018-03-31 12:40:02,804 INFO    : 验证cookie信息成功！数据抓取中...
2018-03-31 12:40:04,352 INFO    : 客户 13806510706 2018-03-31 10:49:59
2018-03-31 12:40:04,364 INFO    : 苟小姐 13758371372 2018-03-31 09:24:00
2018-03-31 12:40:04,370 INFO    : 章浩 18058813896 2018-03-31 08:17:54
2018-03-31 12:40:04,372 INFO    : 蔡超 13698583721 2018-03-31 04:04:50
2018-03-31 12:40:04,373 INFO    : 邓广明 13857519910 2018-03-31 04:01:26
2018-03-31 12:40:04,375 INFO    : 张俊 15868106887 2018-03-31 00:14:51
2018-03-31 12:40:04,376 INFO    : 陈其龙 18258413202 2018-03-31 00:00:43
2018-03-31 12:40:04,377 INFO    : 陈立庆 15381286555 2018-03-30 23:15:21
2018-03-31 12:40:04,459 INFO    : 客户 15990316020 2018-03-30 19:12:16
2018-03-31 12:40:04,460 INFO    : 铭珠 15558198298 2018-03-30 18:29:30
2018-03-31 12:40:09,196 INFO    : 庞明康 18712359978 2018-03-30 16:43:41
2018-03-31 12:40:09,197 INFO    : 余煜 18358191963 2018-03-30 16:02:24
2018-03-31 12:40:09,209 INFO    : 客户 13656685032 2018-03-30 16:00:47
2018-03-31 12:40:09,210 INFO    : 徐 18143474587 2018-03-30 14:18:28
2018-03-31 12:40:09,211 INFO    : 我们都是小天使 13764862690 2018-03-30 13:31:47
2018-03-31 12:40:09,212 INFO    : 王先生 17505710959 2018-03-30 12:47:19
2018-03-31 12:40:09,213 INFO    : 张 13685772671 2018-03-30 10:00:32
2018-03-31 12:40:09,214 INFO    : 单利成 15869119126 2018-03-30 09:49:03
2018-03-31 12:40:09,215 INFO    : 客户 18606987293 2018-03-30 09:31:12
2018-03-31 12:40:09,215 INFO    : 占福明 18375337734 2018-03-29 17:00:50
2018-03-31 12:40:13,763 INFO    : 刘 13362156397 2018-03-29 16:33:40
2018-03-31 12:40:13,764 INFO    : 客户 15606506671 2018-03-29 15:15:39
2018-03-31 12:40:13,779 INFO    : 文凯 15057139361 2018-03-29 14:13:42
2018-03-31 12:40:13,780 INFO    : 文凯 15057139361 2018-03-29 14:11:52
2018-03-31 12:40:13,780 INFO    : 杨 13064767428 2018-03-29 13:58:13
2018-03-31 12:40:13,781 INFO    : 张先生 15988838100 2018-03-29 11:49:52
2018-03-31 12:40:13,782 INFO    : 客户 13484031414 2018-03-29 11:42:44
2018-03-31 12:40:13,783 INFO    : 冉瑞凡 15805812397 2018-03-29 11:34:56
2018-03-31 12:40:13,784 INFO    : 周毅 13958109941 2018-03-29 10:59:59
2018-03-31 12:40:13,785 INFO    : 高锋0430 18358550757 2018-03-29 08:58:28
2018-03-31 12:40:18,293 INFO    : 吴金王 13588104427 2018-03-29 06:04:25
2018-03-31 12:40:18,295 INFO    : 周俊 13588876778 2018-03-28 22:35:03
2018-03-31 12:40:18,312 INFO    : 王连秀 18639442264 2018-03-28 22:30:57
2018-03-31 12:40:18,313 INFO    : 闫凡章 18758070860 2018-03-28 21:18:22
2018-03-31 12:40:18,314 INFO    : 杨山河 15268599110 2018-03-28 21:06:39
2018-03-31 12:40:18,315 INFO    : 逍遥年少 13858037362 2018-03-28 18:53:09
2018-03-31 12:40:18,316 INFO    : 客户 13385909981 2018-03-28 15:40:26
2018-03-31 12:40:18,317 INFO    : 单利成 15869119126 2018-03-28 15:07:30
2018-03-31 12:40:18,319 INFO    : 徐徐徐 15258898494 2018-03-28 14:11:12
2018-03-31 12:40:18,461 INFO    : 客户 13819167763 2018-03-28 12:20:18
2018-03-31 12:40:23,038 INFO    : 客户 15195673455 2018-03-28 10:28:41
2018-03-31 12:40:23,039 INFO    : 客户 18056953769 2018-03-28 10:06:48
2018-03-31 12:40:23,053 INFO    : 客户 17505746068 2018-03-28 09:56:42
2018-03-31 12:40:23,053 INFO    : 客户 13588109125 2018-03-28 09:17:49
2018-03-31 12:40:23,054 INFO    : 余浩然 18237655258 2018-03-28 05:24:50
2018-03-31 12:40:23,055 INFO    : 王先生 13757054445 2018-03-27 17:09:47
2018-03-31 12:40:23,056 INFO    : 客户 15855112512 2018-03-27 13:41:03
2018-03-31 12:40:23,057 INFO    : g2017车 15026512280 2018-03-27 13:23:34
2018-03-31 12:40:23,057 INFO    : 客户 15955542328 2018-03-27 10:45:04
2018-03-31 12:40:23,129 INFO    : 客户 15955542328 2018-03-27 10:43:49
2018-03-31 12:40:27,662 INFO    : 客户 17310588779 2018-03-27 09:42:24
2018-03-31 12:40:27,662 INFO    : 顾 18593274408 2018-03-27 08:58:35
2018-03-31 12:40:27,664 INFO    : 枫枫情情 15225415915 2018-03-27 02:22:12
2018-03-31 12:40:27,665 INFO    : 姜文斌 15005706833 2018-03-26 23:56:12
2018-03-31 12:40:27,665 INFO    : 朱健 15067938592 2018-03-26 21:13:55
2018-03-31 12:40:27,666 INFO    : 朱罕敏 13735861136 2018-03-26 19:09:25
2018-03-31 12:40:27,667 INFO    : 客户 15225415915 2018-03-26 18:19:36
2018-03-31 12:40:27,668 INFO    : 陆林冬 18768138333 2018-03-26 18:13:22
2018-03-31 12:40:27,668 INFO    : 毛世建 18868429835 2018-03-26 15:32:26
2018-03-31 12:40:27,669 INFO    : 钱强 15858277255 2018-03-26 14:43:56
2018-03-31 12:40:32,189 INFO    : 陈 13606534867 2018-03-26 14:28:26
2018-03-31 12:40:32,190 INFO    : 王宗耀 13958039115 2018-03-26 11:18:47
2018-03-31 12:40:32,191 INFO    : 王刚要 13776971944 2018-03-26 10:41:26
2018-03-31 12:40:32,191 INFO    : zhuhaiqing 15612867402 2018-03-26 00:13:06
2018-03-31 12:40:32,192 INFO    : 柴 13606521928 2018-03-25 23:41:29
2018-03-31 12:40:32,193 INFO    : 郭科明 18057537259 2018-03-25 21:39:45
2018-03-31 12:40:32,194 INFO    : 客户 05566182777 2018-03-25 17:03:12
2018-03-31 12:40:32,195 INFO    : 客户 03128549168 2018-03-25 16:28:50
2018-03-31 12:40:32,195 INFO    : 张路 18258833592 2018-03-25 15:41:16
2018-03-31 12:40:32,196 INFO    : 张斌 15068738576 2018-03-25 15:24:29
2018-03-31 12:40:36,902 INFO    : 周 15967558961 2018-03-25 14:45:16
2018-03-31 12:40:36,902 INFO    : 客户 18062432483 2018-03-25 13:36:32
2018-03-31 12:40:36,903 INFO    : 铭珠 15558198298 2018-03-25 12:49:30
2018-03-31 12:40:36,904 INFO    : 乐健军 15336609106 2018-03-25 12:18:54
2018-03-31 12:40:36,904 INFO    : 王 17858504589 2018-03-25 09:34:25
2018-03-31 12:40:36,905 INFO    : 陈瑞 15967126076 2018-03-25 08:49:29
2018-03-31 12:40:36,905 INFO    : 陈建 13732288623 2018-03-24 22:06:20
2018-03-31 12:40:36,906 INFO    : xuyewei蓄电池 17858833150 2018-03-24 21:56:31
2018-03-31 12:40:36,907 INFO    : 林懂 15058326646 2018-03-24 17:24:45
2018-03-31 12:40:36,908 INFO    : 谢先生 13396711062 2018-03-24 16:58:51
2018-03-31 12:40:41,428 INFO    : 郑波 18668214719 2018-03-24 16:41:50
2018-03-31 12:40:41,429 INFO    : 唐 19941198624 2018-03-24 08:42:49
2018-03-31 12:40:41,430 INFO    : 唐勇 18757575748 2018-03-24 07:55:35
2018-03-31 12:40:41,430 INFO    : 问问 18133286219 2018-03-23 22:25:20
2018-03-31 12:40:41,431 INFO    : 余昕 13757147221 2018-03-23 20:04:42
2018-03-31 12:40:41,432 INFO    : 丁丁15858296 15858296286 2018-03-23 18:02:59
2018-03-31 12:40:41,433 INFO    : 客户 17505675929 2018-03-23 16:39:07
2018-03-31 12:40:41,434 INFO    : 陈新 15957195408 2018-03-23 15:30:45
2018-03-31 12:40:41,434 INFO    : 郭先生 15967589453 2018-03-23 15:16:00
2018-03-31 12:40:41,435 INFO    : 龙克垒 13957177861 2018-03-23 14:56:37
2018-03-31 12:40:46,376 INFO    : 胡国良 15158169439 2018-03-23 14:56:27
2018-03-31 12:40:46,377 INFO    : 客户 13687013701 2018-03-23 14:44:10
2018-03-31 12:40:46,378 INFO    : 沈雪庆 18257156986 2018-03-23 14:11:01
2018-03-31 12:40:46,379 INFO    : 李锋 13588270963 2018-03-23 12:36:04
2018-03-31 12:40:46,380 INFO    : fu5522 18758153908 2018-03-23 11:47:51
2018-03-31 12:40:46,381 INFO    : 客户 18153428977 2018-03-23 11:46:25
2018-03-31 12:40:46,381 INFO    : 杨 13148406621 2018-03-23 11:24:28
2018-03-31 12:40:46,382 INFO    : 叶鹏 15988860735 2018-03-23 03:31:31
2018-03-31 12:40:46,383 INFO    : 叶peng 15988860735 2018-03-23 03:19:19
2018-03-31 12:40:46,383 INFO    : 叶peng 15988860735 2018-03-23 03:00:16
2018-03-31 12:40:50,899 INFO    : 郑序平 15924099213 2018-03-22 21:37:52
2018-03-31 12:40:50,900 INFO    : 陈敬林 15505716678 2018-03-22 20:44:50
2018-03-31 12:40:50,901 INFO    : 段明 13868039234 2018-03-22 18:58:10
2018-03-31 12:40:50,901 INFO    : 段明 13868039234 2018-03-22 18:57:37
2018-03-31 12:40:50,902 INFO    : 叶女士 13018991733 2018-03-22 18:29:11
2018-03-31 12:40:50,903 INFO    : 客户 18616789576 2018-03-22 18:09:14
2018-03-31 12:40:50,904 INFO    : 李永青 13386538161 2018-03-22 16:07:54
2018-03-31 12:40:50,905 INFO    : 张梓铭 18857115981 2018-03-22 14:36:05
2018-03-31 12:40:50,906 INFO    : 叶鹏 15988860735 2018-03-22 14:21:56
2018-03-31 12:40:50,907 INFO    : 客户 18055068293 2018-03-22 13:30:46
2018-03-31 12:40:55,426 INFO    : 陈先生 18906665665 2018-03-22 12:12:25
2018-03-31 12:40:55,428 INFO    : 陈先生 18906665665 2018-03-22 12:06:26
2018-03-31 12:40:55,430 INFO    : 客户 15968102752 2018-03-22 11:46:10
2018-03-31 12:40:55,432 INFO    : 客户 18606523396 2018-03-22 11:19:16
2018-03-31 12:40:55,434 INFO    : 客户 15262663771 2018-03-22 10:59:20
2018-03-31 12:40:55,436 INFO    : 石佳炜 15757155546 2018-03-22 10:58:00
2018-03-31 12:40:55,437 INFO    : 客户 05632307666 2018-03-22 09:01:19
2018-03-31 12:40:55,439 INFO    : 杨青青 13958000156 2018-03-22 02:56:21
2018-03-31 12:40:55,441 INFO    : 丁先生 18888704020 2018-03-21 21:54:36
2018-03-31 12:40:55,443 INFO    : 王兴强 13757192019 2018-03-21 21:19:18
2018-03-31 12:40:59,948 INFO    : 客户 057186675699 2018-03-21 15:36:06
2018-03-31 12:40:59,950 INFO    : 王仕军 13819198738 2018-03-21 14:48:39
2018-03-31 12:40:59,954 INFO    : 客户 13151655293 2018-03-21 10:17:39
2018-03-31 12:40:59,956 INFO    : 徐旺 18868177302 2018-03-21 08:43:44
2018-03-31 12:40:59,959 INFO    : 徐鸿兵 13867462704 2018-03-20 23:23:18
2018-03-31 12:40:59,962 INFO    : 陈先生 18559500609 2018-03-20 21:32:51
2018-03-31 12:40:59,964 INFO    : 何杭琪 15869009311 2018-03-20 21:20:09
2018-03-31 12:40:59,966 INFO    : 徐 13857164813 2018-03-20 21:01:50
2018-03-31 12:40:59,969 INFO    : 鲁 13336199048 2018-03-20 21:01:17
2018-03-31 12:40:59,971 INFO    : 吴先生 13858130174 2018-03-20 19:57:54
2018-03-31 12:41:04,551 INFO    : 吴先生 13858130174 2018-03-20 19:57:22
2018-03-31 12:41:04,554 INFO    : 厉害了小宝贝 17858500400 2018-03-20 19:42:55
2018-03-31 12:41:04,555 INFO    : 张先生 13484322753 2018-03-20 19:10:33
2018-03-31 12:41:04,555 INFO    : 李健 13963706518 2018-03-20 17:16:28
2018-03-31 12:41:04,556 INFO    : 俞 15868106324 2018-03-20 16:40:24
2018-03-31 12:41:04,556 INFO    : 客户 18969009845 2018-03-20 15:52:23
2018-03-31 12:41:04,557 INFO    : 客户 18075006508 2018-03-20 15:29:13
2018-03-31 12:41:04,558 INFO    : 客户 17706811716 2018-03-20 12:44:22
2018-03-31 12:41:04,558 INFO    : 客户 18937602065 2018-03-20 10:58:38
2018-03-31 12:41:04,559 INFO    : 朱家华 15658876218 2018-03-20 09:11:09
2018-03-31 12:41:09,121 INFO    : 田东辉 15356187165 2018-03-20 09:01:56
2018-03-31 12:41:09,123 INFO    : 郑帅 15990778601 2018-03-20 04:23:10
2018-03-31 12:41:09,126 INFO    : 孙女 17681563670 2018-03-19 23:32:49
2018-03-31 12:41:09,127 INFO    : 好人缘2828 18857131922 2018-03-19 22:13:13
2018-03-31 12:41:09,129 INFO    : 张洪 13567388945 2018-03-19 20:46:24
2018-03-31 12:41:09,130 INFO    : 伊宁县咯 18555258590 2018-03-19 15:13:40
2018-03-31 12:41:09,132 INFO    : 王勋钧 18266958700 2018-03-19 14:25:14
2018-03-31 12:41:09,134 INFO    : 客户 15062824682 2018-03-19 13:52:51
2018-03-31 12:41:09,136 INFO    : 客户 13958139517 2018-03-19 11:20:55
2018-03-31 12:41:09,137 INFO    : 客户 15757046494 2018-03-19 10:54:40
2018-03-31 12:41:13,927 INFO    : 吕传章 15988113089 2018-03-19 09:33:43
2018-03-31 12:41:13,929 INFO    : nsl2015 15088762923 2018-03-19 06:56:11
2018-03-31 12:41:13,932 INFO    : 蒋先生 13291423459 2018-03-18 23:42:52
2018-03-31 12:41:13,934 INFO    : 刘福均 18758101608 2018-03-18 23:01:28
2018-03-31 12:41:13,935 INFO    : Mc大东哥 18505815902 2018-03-18 17:02:05
2018-03-31 12:41:13,936 INFO    : 客户 13968129016 2018-03-18 14:29:20
2018-03-31 12:41:13,938 INFO    : 佘惠玉 15158871099 2018-03-18 11:05:53
2018-03-31 12:41:13,939 INFO    : 李明 17739003877 2018-03-18 10:17:50
2018-03-31 12:41:13,941 INFO    : 魏 15858296242 2018-03-18 09:46:18
2018-03-31 12:41:13,942 INFO    : 韩慧1021 15356162365 2018-03-18 08:27:19
2018-03-31 12:41:18,479 INFO    : 邹先生 15221617942 2018-03-18 08:20:25
2018-03-31 12:41:18,481 INFO    : 陈伟 17826805297 2018-03-18 08:00:07
2018-03-31 12:41:18,482 INFO    : wurjun1 15088386262 2018-03-18 07:29:24
2018-03-31 12:41:18,484 INFO    : 詹伟 13688295503 2018-03-17 22:38:59
2018-03-31 12:41:18,484 INFO    : 付先生 18268805456 2018-03-17 21:47:29
2018-03-31 12:41:18,485 INFO    : 东风景气 15855539762 2018-03-17 20:20:01
2018-03-31 12:41:18,487 INFO    : 李后福 18058739932 2018-03-17 18:12:12
2018-03-31 12:41:18,487 INFO    : 客户 17858528517 2018-03-17 17:56:18
2018-03-31 12:41:18,488 INFO    : 金小姣 15057101948 2018-03-17 17:39:32
2018-03-31 12:41:18,489 INFO    : 金小姣 15087101948 2018-03-17 17:39:16
2018-03-31 12:41:23,050 INFO    : 24115678 15057122752 2018-03-17 15:56:12
2018-03-31 12:41:23,051 INFO    : 客户 17706444569 2018-03-17 14:40:51
2018-03-31 12:41:23,052 INFO    : 潘华飞 15655356852 2018-03-17 12:48:02
2018-03-31 12:41:23,053 INFO    : 陈爱清 15937602088 2018-03-17 12:47:23
2018-03-31 12:41:23,053 INFO    : 客户 15325717176 2018-03-17 11:15:32
2018-03-31 12:41:23,054 INFO    : 曹振业 18857190736 2018-03-17 10:25:45
2018-03-31 12:41:23,055 INFO    : 客户 13868005078 2018-03-17 09:03:03
2018-03-31 12:41:23,056 INFO    : 谷 15268108147 2018-03-17 08:16:54
2018-03-31 12:41:23,056 INFO    : 徐 15168223376 2018-03-17 06:06:56
2018-03-31 12:41:23,057 INFO    : 迈德斯 13819133061 2018-03-16 18:26:59
2018-03-31 12:41:27,584 INFO    : 许成昌 13926425867 2018-03-16 18:10:31
2018-03-31 12:41:27,586 INFO    : 客户 13511211391 2018-03-16 17:38:19
2018-03-31 12:41:27,587 INFO    : 客户 18072919618 2018-03-16 17:22:37
2018-03-31 12:41:27,587 INFO    : 杨跃华 15088751528 2018-03-16 17:20:26
2018-03-31 12:41:27,589 INFO    : 刘鲁浙 13588709201 2018-03-16 17:17:01
2018-03-31 12:41:27,591 INFO    : 胡曾 13026061419 2018-03-16 15:25:07
2018-03-31 12:41:27,592 INFO    : 焦 18058144402 2018-03-16 13:28:20
2018-03-31 12:41:27,593 INFO    : 毛丹 13235718312 2018-03-16 11:02:33
2018-03-31 12:41:27,594 INFO    : 凡多2015 18352826685 2018-03-16 01:42:06
2018-03-31 12:41:27,595 INFO    : 徐志英 15968172613 2018-03-15 20:40:14
2018-03-31 12:41:32,124 INFO    : 岳生 13456968319 2018-03-15 18:49:22
2018-03-31 12:41:32,125 INFO    : 毕斌斌 13362891992 2018-03-15 17:14:56
2018-03-31 12:41:32,126 INFO    : 姬中雷 15314678281 2018-03-15 16:05:05
2018-03-31 12:41:32,127 INFO    : 郭坤明 17829259028 2018-03-15 15:36:46
2018-03-31 12:41:32,128 INFO    : 陆永炳 18058804132 2018-03-15 15:14:14
2018-03-31 12:41:32,129 INFO    : 刘立 18858121896 2018-03-15 14:38:36
2018-03-31 12:41:32,129 INFO    : 客户 057586278858 2018-03-15 13:21:01
2018-03-31 12:41:32,130 INFO    : 胡一波 15057117299 2018-03-15 13:01:10
2018-03-31 12:41:32,131 INFO    : cyy198315 18069825613 2018-03-15 10:02:09
2018-03-31 12:41:32,132 INFO    : 客户 13867091698 2018-03-15 09:54:37
2018-03-31 12:41:36,720 INFO    : 客户 15558396683 2018-03-15 09:32:46
2018-03-31 12:41:36,723 INFO    : 马 13758110423 2018-03-15 00:25:08
2018-03-31 12:41:36,725 INFO    : 尧冰岛 13645810490 2018-03-14 22:04:54
2018-03-31 12:41:36,727 INFO    : 郑先生 13967159872 2018-03-14 21:25:24
2018-03-31 12:41:36,729 INFO    : 李先生 18868443678 2018-03-14 19:38:26
2018-03-31 12:41:36,732 INFO    : 王华 18117196881 2018-03-14 15:42:15
2018-03-31 12:41:36,734 INFO    : zou 15858114117 2018-03-14 15:14:01
2018-03-31 12:41:36,735 INFO    : 王彬 13615700095 2018-03-14 14:50:40
2018-03-31 12:41:36,737 INFO    : 余诗平 13588332317 2018-03-14 14:41:44
2018-03-31 12:41:36,738 INFO    : 杨明伟 13735491468 2018-03-14 13:39:37
2018-03-31 12:41:41,299 INFO    : 邵永华 15988899256 2018-03-14 13:37:27
2018-03-31 12:41:41,300 INFO    : 邵永华 15988899256 2018-03-14 13:35:58
2018-03-31 12:41:41,302 INFO    : 客户 057186667526 2018-03-14 12:39:09
2018-03-31 12:41:41,304 INFO    : 客户 14707086107 2018-03-14 12:07:15
2018-03-31 12:41:41,305 INFO    : 徐贺军 15999676608 2018-03-14 06:16:53
2018-03-31 12:41:41,305 INFO    : 陈力杭 13858417562 2018-03-14 00:37:58
2018-03-31 12:41:41,306 INFO    : 汪 19805150326 2018-03-13 23:01:42
2018-03-31 12:41:41,307 INFO    : 李军权 18257115514 2018-03-13 22:10:17
2018-03-31 12:41:41,308 INFO    : 客户 18266958700 2018-03-13 21:31:45
2018-03-31 12:41:41,309 INFO    : 王勋钧 18266958700 2018-03-13 21:26:30
2018-03-31 12:41:45,853 INFO    : 黄笃寿 18668422838 2018-03-13 19:50:10
2018-03-31 12:41:45,854 INFO    : 徐聪 17605881503 2018-03-13 19:41:47
2018-03-31 12:41:45,857 INFO    : zou 15858114117 2018-03-13 14:00:34
2018-03-31 12:41:45,858 INFO    : 客户 13588747443 2018-03-13 12:28:49
2018-03-31 12:41:45,859 INFO    : 客户 15868697586 2018-03-13 11:54:09
2018-03-31 12:41:45,860 INFO    : 客户 15968179355 2018-03-13 11:40:53
2018-03-31 12:41:45,861 INFO    : 客户 15868697586 2018-03-13 10:06:46
2018-03-31 12:41:45,861 INFO    : 王 13968097427 2018-03-13 10:05:44
2018-03-31 12:41:45,863 INFO    : 魏一波 13606535202 2018-03-13 07:14:23
2018-03-31 12:41:45,864 INFO    : 晟佳汽配 15988590884 2018-03-13 03:29:53
2018-03-31 12:41:50,421 INFO    : 王先生 13588263676 2018-03-12 20:57:50
2018-03-31 12:41:50,422 INFO    : 陶胜乾 13750826469 2018-03-12 20:14:57
2018-03-31 12:41:50,422 INFO    : 程庆林 13646810500 2018-03-12 20:10:43
2018-03-31 12:41:50,423 INFO    : 张配华 18667133282 2018-03-12 16:32:30
2018-03-31 12:41:50,423 INFO    : 张军健 13071887363 2018-03-12 16:10:40
2018-03-31 12:41:50,424 INFO    : 路先生 18768151845 2018-03-12 13:38:54
2018-03-31 12:41:50,424 INFO    : 杨波 15957321920 2018-03-12 12:05:50
2018-03-31 12:41:50,425 INFO    : 陈希 15257113779 2018-03-12 11:44:02
2018-03-31 12:41:50,426 INFO    : 陈先生 13758276670 2018-03-12 10:35:23
2018-03-31 12:41:50,426 INFO    : 方武 15715777208 2018-03-12 09:42:39
2018-03-31 12:41:54,939 INFO    : 章建伟 13805745003 2018-03-12 07:48:00
2018-03-31 12:41:54,942 INFO    : 汪立军 13758178210 2018-03-12 05:05:30
2018-03-31 12:41:54,943 INFO    : 宋 15539493344 2018-03-11 22:26:56
2018-03-31 12:41:54,944 INFO    : 袁先生 13867475145 2018-03-11 22:05:10
2018-03-31 12:41:54,945 INFO    : 孙永辉 18906536851 2018-03-11 21:09:19
2018-03-31 12:41:54,946 INFO    : 俞泽林 13136102031 2018-03-11 20:29:21
2018-03-31 12:41:54,947 INFO    : akstudio 15158855000 2018-03-11 18:19:22
2018-03-31 12:41:54,948 INFO    : 余万国 13588748729 2018-03-11 17:14:21
2018-03-31 12:41:54,948 INFO    : 王先生 18806780474 2018-03-11 16:43:46
2018-03-31 12:41:54,954 INFO    : 邓先生 15824133976 2018-03-11 16:26:01
2018-03-31 12:41:59,768 INFO    : 孙 13148319858 2018-03-11 13:44:04
2018-03-31 12:41:59,768 INFO    : 客户 18612140068 2018-03-11 12:20:13
2018-03-31 12:41:59,768 INFO    : 张杰 13140051978 2018-03-11 11:40:50
2018-03-31 12:41:59,768 INFO    : 李 18655369730 2018-03-11 11:12:14
2018-03-31 12:41:59,768 INFO    : 李磊 13588803350 2018-03-11 09:59:12
2018-03-31 12:41:59,768 INFO    : 沈欢生 13357133884 2018-03-10 19:27:15
2018-03-31 12:41:59,784 INFO    : 客户 18970672899 2018-03-10 16:17:42
2018-03-31 12:41:59,784 INFO    : 陈博 18258280609 2018-03-10 15:44:51
2018-03-31 12:41:59,784 INFO    : 庄先生 15757814631 2018-03-10 13:35:35
2018-03-31 12:41:59,784 INFO    : 客户 057156928295 2018-03-10 12:51:52
2018-03-31 12:42:04,365 INFO    : 邹纪昌 15158187101 2018-03-10 10:33:13
2018-03-31 12:42:04,365 INFO    : 周浩 13917246346 2018-03-10 00:44:08
2018-03-31 12:42:04,381 INFO    : 刘安冬 15062824682 2018-03-09 22:18:22
2018-03-31 12:42:04,381 INFO    : 洪 13588346297 2018-03-09 16:20:10
2018-03-31 12:42:04,381 INFO    : 陈瑶 13093798731 2018-03-09 14:30:58
2018-03-31 12:42:04,381 INFO    : 江浩 15888825166 2018-03-09 13:45:47
2018-03-31 12:42:04,381 INFO    : 客户 15088619696 2018-03-09 12:18:36
2018-03-31 12:42:04,396 INFO    : 胡先生 13616544108 2018-03-08 22:55:01
2018-03-31 12:42:04,396 INFO    : 李先生 18868443678 2018-03-08 22:34:59
2018-03-31 12:42:04,396 INFO    : 武英杰 18939544021 2018-03-08 22:05:27
2018-03-31 12:42:08,982 INFO    : 陆 13486131505 2018-03-08 20:22:05
2018-03-31 12:42:08,982 INFO    : 客户 15868697586 2018-03-08 17:26:16
2018-03-31 12:42:08,998 INFO    : 沈建如 13819377361 2018-03-08 16:25:23
2018-03-31 12:42:08,998 INFO    : 付先生 15158110508 2018-03-08 14:37:15
2018-03-31 12:42:09,013 INFO    : 客户 057164782735 2018-03-08 12:36:01
2018-03-31 12:42:09,013 INFO    : 客户 18606517617 2018-03-08 12:19:55
2018-03-31 12:42:09,013 INFO    : 李锦 13656634347 2018-03-08 08:48:40
2018-03-31 12:42:09,013 INFO    : 客户 13346194623 2018-03-07 10:06:19
2018-03-31 12:42:09,013 INFO    : 陈建 13732288623 2018-03-06 23:03:13
2018-03-31 12:42:09,013 INFO    : sunlingkan 18268104415 2018-03-06 22:27:23
2018-03-31 12:42:13,560 INFO    : 孙培华 15167113739 2018-03-06 21:29:39
2018-03-31 12:42:13,560 INFO    : 孙 18268104415 2018-03-06 17:02:36
2018-03-31 12:42:13,575 INFO    : 客户 13906105805 2018-03-06 15:58:44
2018-03-31 12:42:13,575 INFO    : 王勇 13787866802 2018-03-06 15:29:58
2018-03-31 12:42:13,575 INFO    : 彭 17682310352 2018-03-06 13:15:26
2018-03-31 12:42:13,575 INFO    : 杨青青 13958000156 2018-03-06 12:15:59
2018-03-31 12:42:13,575 INFO    : 杨青青 13958000156 2018-03-06 12:12:14
2018-03-31 12:42:13,575 INFO    : 客户 18067901507 2018-03-06 10:04:04
2018-03-31 12:42:13,591 INFO    : 客户 15601860802 2018-03-06 09:43:21
2018-03-31 12:42:13,591 INFO    : 叶 13857142760 2018-03-06 09:30:51
2018-03-31 12:42:18,885 INFO    : 赵科 18989476566 2018-03-05 20:58:08
2018-03-31 12:42:18,885 INFO    : 风牵着线 18267592705 2018-03-05 20:46:43
2018-03-31 12:42:18,900 INFO    : 沈银周 13738198243 2018-03-05 19:47:59
2018-03-31 12:42:18,900 INFO    : 方 13588049772 2018-03-05 19:07:44
2018-03-31 12:42:18,900 INFO    : 余勇 13958058898 2018-03-05 18:27:29
2018-03-31 12:42:18,916 INFO    : 雨中漫步112211 18949961114 2018-03-05 16:53:28
2018-03-31 12:42:18,916 INFO    : 万毅 15068859836 2018-03-05 16:33:55
2018-03-31 12:42:18,916 INFO    : 客户 02155150500 2018-03-05 16:29:46
2018-03-31 12:42:18,916 INFO    : 李金格 18117428472 2018-03-05 16:20:16
2018-03-31 12:42:18,916 INFO    : 李金格 18117428472 2018-03-05 16:20:09
2018-03-31 12:42:23,437 INFO    : 李金格 18117428472 2018-03-05 16:20:03
2018-03-31 12:42:23,437 INFO    : 客户 18758265343 2018-03-05 15:48:33
2018-03-31 12:42:23,437 INFO    : 客户 057188379695 2018-03-05 14:14:51
2018-03-31 12:42:23,437 INFO    : 胡志伟 18626857879 2018-03-05 12:10:43
2018-03-31 12:42:23,437 INFO    : 客户 13867091698 2018-03-05 11:42:52
2018-03-31 12:42:23,437 INFO    : 刘东升 18969953197 2018-03-05 00:17:05
2018-03-31 12:42:23,437 INFO    : 管俊 13235810423 2018-03-04 23:07:36
2018-03-31 12:42:23,515 INFO    : 客户 13055335629 2018-03-04 19:23:10
2018-03-31 12:42:23,515 INFO    : 圣诞节 13666666666 2018-03-04 19:01:44
2018-03-31 12:42:23,515 INFO    : 方 18305819248 2018-03-04 18:30:42
2018-03-31 12:42:28,222 INFO    : 王张飞 13073610970 2018-03-04 16:12:50
2018-03-31 12:42:28,222 INFO    : 王张飞 13073610970 2018-03-04 16:12:29
2018-03-31 12:42:28,222 INFO    : 陈玲 13634156184 2018-03-04 15:43:05
2018-03-31 12:42:28,222 INFO    : 朱邦虎 13221827479 2018-03-04 14:50:30
2018-03-31 12:42:28,222 INFO    : 于可小枫 15988400966 2018-03-04 13:14:33
2018-03-31 12:42:28,222 INFO    : 贺中洋 15384056185 2018-03-04 10:27:41
2018-03-31 12:42:28,238 INFO    : 邹先生 18329115502 2018-03-04 07:28:47
2018-03-31 12:42:28,238 INFO    : 康剑 13951443907 2018-03-04 00:29:02
2018-03-31 12:42:28,238 INFO    : 徐 18157161912 2018-03-03 22:40:04
2018-03-31 12:42:28,238 INFO    : 慧 13738050980 2018-03-03 18:28:25
2018-03-31 12:42:32,787 INFO    : 客户 15268101328 2018-03-03 16:23:05
2018-03-31 12:42:32,787 INFO    : 客户 15301561333 2018-03-03 16:04:35
2018-03-31 12:42:32,818 INFO    : 齐帅权 18667230699 2018-03-03 15:25:54
2018-03-31 12:42:32,818 INFO    : 客户 13575731988 2018-03-03 14:31:53
2018-03-31 12:42:32,818 INFO    : 王江 15669922806 2018-03-03 14:07:48
2018-03-31 12:42:32,818 INFO    : 鲁 13870127151 2018-03-03 12:06:37
2018-03-31 12:42:32,818 INFO    : 戚李焕 13656717211 2018-03-03 11:46:03
2018-03-31 12:42:32,818 INFO    : 金刀胜 13815322323 2018-03-03 00:41:28
2018-03-31 12:42:32,834 INFO    : 王柳苏 15158888482 2018-03-02 23:27:01
2018-03-31 12:42:32,912 INFO    : 陈青 15397119868 2018-03-02 23:26:35
2018-03-31 12:42:37,504 INFO    : 柳先生 13506810237 2018-03-02 22:57:09
2018-03-31 12:42:37,560 INFO    : 丁配武 13735641964 2018-03-02 21:43:50
2018-03-31 12:42:37,678 INFO    : 叶先生 17816854160 2018-03-02 20:09:19
2018-03-31 12:42:37,779 INFO    : 客户 15988128540 2018-03-02 16:06:10
2018-03-31 12:42:37,867 INFO    : 杨乐 13136369997 2018-03-02 15:03:05
2018-03-31 12:42:37,932 INFO    : 丁炜卿 13858022699 2018-03-02 10:53:20
2018-03-31 12:42:37,985 INFO    : 客户 18958088766 2018-03-02 09:50:23
2018-03-31 12:42:38,073 INFO    : 聂 15068829189 2018-03-01 22:50:28
2018-03-31 12:42:38,120 INFO    : 吴立祥 18868806151 2018-03-01 18:47:05
2018-03-31 12:42:38,176 INFO    : 黄超 17521014523 2018-03-01 18:23:43
2018-03-31 12:42:42,915 INFO    : 翁小白 15088757174 2018-03-01 15:30:47
2018-03-31 12:42:42,918 INFO    : 洪 18267112867 2018-03-01 15:27:32
2018-03-31 12:42:42,938 INFO    : 徐 18969096132 2018-03-01 15:12:00
2018-03-31 12:42:42,940 INFO    : WangCheol 18654381445 2018-03-01 14:30:37
2018-03-31 12:42:42,942 INFO    : 李永康1216 15957168057 2018-03-01 13:00:42
2018-03-31 12:42:42,943 INFO    : 周世元 15949099944 2018-03-01 12:59:16
2018-03-31 12:42:42,944 INFO    : 冯超枫 17357577833 2018-03-01 12:48:50
2018-03-31 12:42:43,002 INFO    : 安安20182018 18967127138 2018-03-01 12:34:15
2018-03-31 12:42:43,002 INFO    : 安安20182018 18967127138 2018-03-01 12:33:00
2018-03-31 12:42:43,002 INFO    : 周军华 18329165541 2018-03-01 10:48:44
2018-03-31 12:42:47,556 INFO    : 客户 13107700135 2018-03-01 09:27:41
2018-03-31 12:42:47,557 INFO    : 官旭 13735593694 2018-03-01 09:09:26
2018-03-31 12:42:47,570 INFO    : 客户 15105531688 2018-03-01 09:00:32
2018-03-31 12:42:47,571 INFO    : ar7enx25d 13777882324 2018-02-28 23:48:05
2018-03-31 12:42:47,572 INFO    : 石启博 13771790281 2018-02-28 23:24:30
2018-03-31 12:42:47,573 INFO    : 陈建 13732288623 2018-02-28 22:49:40
2018-03-31 12:42:47,574 INFO    : 客户 13107700135 2018-02-28 18:58:44
2018-03-31 12:42:47,575 INFO    : 客户 13107700135 2018-02-28 18:46:26
2018-03-31 12:42:47,576 INFO    : 客户 13107700135 2018-02-28 18:42:50
2018-03-31 12:42:47,577 INFO    : 客户 13107700135 2018-02-28 18:40:34
2018-03-31 12:42:52,154 INFO    : 刘鲁浙 13588709201 2018-02-28 17:54:54
2018-03-31 12:42:52,160 INFO    : 王伟 18248631597 2018-02-28 17:30:54
2018-03-31 12:42:52,174 INFO    : 方楠 15606712056 2018-02-28 15:41:10
2018-03-31 12:42:52,175 INFO    : 沈丽 13588303910 2018-02-28 15:32:40
2018-03-31 12:42:52,178 INFO    : 顾静 18758177043 2018-02-28 12:55:56
2018-03-31 12:42:52,178 INFO    : 李建纲 13819498333 2018-02-28 12:29:19
2018-03-31 12:42:52,179 INFO    : 客户 15384016296 2018-02-28 11:18:00
2018-03-31 12:42:52,182 INFO    : 客户 15212018001 2018-02-28 10:35:42
2018-03-31 12:42:52,263 INFO    : 吴建欢 13588000731 2018-02-28 10:33:17
2018-03-31 12:42:52,266 INFO    : 郑 13646646565 2018-02-28 00:40:13
2018-03-31 12:42:56,803 INFO    : 噢噢噢 18868808321 2018-02-27 22:29:23
2018-03-31 12:42:56,805 INFO    : 唐昌炬 13588771662 2018-02-27 21:24:38
2018-03-31 12:42:56,822 INFO    : 张必胜 15355487455 2018-02-27 21:13:56
2018-03-31 12:42:56,823 INFO    : asj38rk 13758236663 2018-02-27 20:14:26
2018-03-31 12:42:56,824 INFO    : 何 13757576073 2018-02-27 19:01:35
2018-03-31 12:42:56,825 INFO    : 周 18768166110 2018-02-27 18:23:54
2018-03-31 12:42:56,826 INFO    : 18268858 18268858116 2018-02-27 17:35:59
2018-03-31 12:42:56,834 INFO    : 客户 18337697067 2018-02-27 14:02:21
2018-03-31 12:42:56,955 INFO    : 李永康 15957168057 2018-02-27 13:10:02
2018-03-31 12:42:56,957 INFO    : 庞青雅 15068100937 2018-02-27 12:28:37
2018-03-31 12:43:01,475 INFO    : 庞青雅 15068100937 2018-02-27 12:28:23
2018-03-31 12:43:01,477 INFO    : 李扬 13735489362 2018-02-27 11:15:47
2018-03-31 12:43:01,490 INFO    : 客户 13914938715 2018-02-27 09:41:31
2018-03-31 12:43:01,495 INFO    : 客户 05704328886 2018-02-27 09:14:27
2018-03-31 12:43:01,496 INFO    : 李升 18668106970 2018-02-26 22:54:46
2018-03-31 12:43:01,497 INFO    : 丁坚 13336122301 2018-02-26 15:29:10
2018-03-31 12:43:01,498 INFO    : 葛先生 13564898220 2018-02-26 14:34:01
2018-03-31 12:43:01,548 INFO    : 陈伟涛 15870985899 2018-02-26 10:17:21
2018-03-31 12:43:01,549 INFO    : 顺流逆流2012 13867539770 2018-02-25 21:18:48
2018-03-31 12:43:01,550 INFO    : 项先生 13600535014 2018-02-25 10:48:02
2018-03-31 12:43:06,138 INFO    : 客户 15957174198 2018-02-25 10:04:46
2018-03-31 12:43:06,139 INFO    : 客户 13795405696 2018-02-24 19:08:27
2018-03-31 12:43:06,151 INFO    : 曹 13795405696 2018-02-24 18:56:30
2018-03-31 12:43:06,152 INFO    : 客户 15068889072 2018-02-24 17:12:24
2018-03-31 12:43:06,153 INFO    : 张 13738135812 2018-02-24 16:05:35
2018-03-31 12:43:06,155 INFO    : 葛先生 18857169912 2018-02-24 13:51:05
2018-03-31 12:43:06,156 INFO    : 客户 18957298658 2018-02-24 13:03:11
2018-03-31 12:43:06,157 INFO    : 客户 13867091698 2018-02-24 09:37:37
2018-03-31 12:43:06,159 INFO    : 王 13588858441 2018-02-23 23:12:19
2018-03-31 12:43:06,243 INFO    : 汪瑞 18858115933 2018-02-23 23:02:13
2018-03-31 12:43:10,807 INFO    : 孙安平 13356075566 2018-02-23 21:15:12
2018-03-31 12:43:10,807 INFO    : 于伟 17816068875 2018-02-23 20:16:16
2018-03-31 12:43:10,823 INFO    : 于伟 17816068875 2018-02-23 20:15:54
2018-03-31 12:43:10,823 INFO    : 客户 18973172725 2018-02-23 18:08:42
2018-03-31 12:43:10,823 INFO    : 钱先生 15857147084 2018-02-23 16:36:50
2018-03-31 12:43:10,823 INFO    : 方 15168302927 2018-02-23 16:17:28
2018-03-31 12:43:10,823 INFO    : 客户 17755228226 2018-02-23 14:48:40
2018-03-31 12:43:10,839 INFO    : 于浩利 18801010521 2018-02-23 14:33:51
2018-03-31 12:43:10,839 INFO    : 客户 13867485712 2018-02-23 13:19:03
2018-03-31 12:43:10,932 INFO    : 爱在一瞬间A 13867455850 2018-02-23 13:06:38
2018-03-31 12:43:15,503 INFO    : 爱在一瞬间A 13867455850 2018-02-23 13:06:38
2018-03-31 12:43:15,518 INFO    : 客户 18817461478 2018-02-23 10:15:33
2018-03-31 12:43:15,534 INFO    : 徐先生 13967114090 2018-02-22 21:40:20
2018-03-31 12:43:15,534 INFO    : 客户 13107700135 2018-02-22 16:36:54
2018-03-31 12:43:15,534 INFO    : 客户 13107700135 2018-02-22 16:35:56
2018-03-31 12:43:15,534 INFO    : 客户 13107700135 2018-02-22 16:35:01
2018-03-31 12:43:15,534 INFO    : 客户 13107700135 2018-02-22 15:39:19
2018-03-31 12:43:15,534 INFO    : 客户 13107700135 2018-02-22 15:38:11
2018-03-31 12:43:15,534 INFO    : 客户 13107700135 2018-02-22 15:37:23
2018-03-31 12:43:15,534 INFO    : 客户 13107700135 2018-02-22 14:34:29
2018-03-31 12:43:20,108 INFO    : 客户 13107700135 2018-02-22 14:33:09
2018-03-31 12:43:20,108 INFO    : 客户 13107700135 2018-02-22 14:31:40
2018-03-31 12:43:20,139 INFO    : 客户 18968009198 2018-02-22 13:56:15
2018-03-31 12:43:20,139 INFO    : 客户 13107700135 2018-02-22 13:32:24
2018-03-31 12:43:20,139 INFO    : 客户 13107700135 2018-02-22 13:31:40
2018-03-31 12:43:20,155 INFO    : 客户 13107700135 2018-02-22 13:30:52
2018-03-31 12:43:20,155 INFO    : 客户 13107700135 2018-02-22 12:51:45
2018-03-31 12:43:20,155 INFO    : 客户 13107700135 2018-02-22 12:50:58
2018-03-31 12:43:20,155 INFO    : 客户 13107700135 2018-02-22 12:48:32
2018-03-31 12:43:20,155 INFO    : 客户 13107700135 2018-02-22 12:47:47
2018-03-31 12:43:24,673 INFO    : 客户 13107700135 2018-02-22 12:46:35
2018-03-31 12:43:24,673 INFO    : 客户 13107700135 2018-02-22 12:36:56
2018-03-31 12:43:24,704 INFO    : 客户 13107700135 2018-02-22 12:35:19
2018-03-31 12:43:24,704 INFO    : 客户 13107700135 2018-02-22 12:34:26
2018-03-31 12:43:24,704 INFO    : 客户 13107700135 2018-02-22 12:33:12
2018-03-31 12:43:24,704 INFO    : 客户 13107700135 2018-02-22 12:32:20
2018-03-31 12:43:24,704 INFO    : 客户 13107700135 2018-02-22 12:14:32
2018-03-31 12:43:24,704 INFO    : 客户 13107700135 2018-02-22 12:11:36
2018-03-31 12:43:24,704 INFO    : 客户 13107700135 2018-02-22 12:09:45
2018-03-31 12:43:24,704 INFO    : 客户 13107700135 2018-02-22 12:08:54
2018-03-31 12:43:29,268 INFO    : 客户 13107700135 2018-02-22 12:06:57
2018-03-31 12:43:29,284 INFO    : 客户 13958016025 2018-02-22 11:40:21
2018-03-31 12:43:29,315 INFO    : 客户 13107700135 2018-02-22 11:38:42
2018-03-31 12:43:29,315 INFO    : 客户 13107700135 2018-02-22 11:31:25
2018-03-31 12:43:29,315 INFO    : 客户 13588772559 2018-02-22 11:27:26
2018-03-31 12:43:29,315 INFO    : 音乐无国界fgq 13758559952 2018-02-21 23:50:23
2018-03-31 12:43:29,315 INFO    : 周明明 13738021278 2018-02-21 21:18:23
2018-03-31 12:43:29,315 INFO    : 客户 13575768108 2018-02-21 19:55:39
2018-03-31 12:43:29,315 INFO    : 汪方也 13735544516 2018-02-21 19:18:06
2018-03-31 12:43:29,315 INFO    : akd5i6a 13567207690 2018-02-21 13:35:48
2018-03-31 12:43:34,031 INFO    : 客户 15088648748 2018-02-21 12:38:26
2018-03-31 12:43:34,031 INFO    : 孙伟清 13758128305 2018-02-21 11:39:47
2018-03-31 12:43:34,062 INFO    : 王 18042234232 2018-02-21 10:39:16
2018-03-31 12:43:34,062 INFO    : 客户 18979681772 2018-02-21 09:54:15
2018-03-31 12:43:34,062 INFO    : 客户 13504175302 2018-02-21 07:21:28
2018-03-31 12:43:34,062 INFO    : 方建 13083980933 2018-02-20 21:30:16
2018-03-31 12:43:34,062 INFO    : 王斌 13735383608 2018-02-20 21:19:05
2018-03-31 12:43:34,062 INFO    : 董小姐 15868380633 2018-02-20 16:36:58
2018-03-31 12:43:34,077 INFO    : 郭 18905811615 2018-02-20 16:28:31
2018-03-31 12:43:34,140 INFO    : 客户 18621757821 2018-02-20 13:31:56
2018-03-31 12:43:38,693 INFO    : 顾 13868186804 2018-02-19 23:26:17
2018-03-31 12:43:38,694 INFO    : 傅新均 18157579030 2018-02-19 15:57:52
2018-03-31 12:43:38,708 INFO    : 王小姐 13064767428 2018-02-19 13:25:13
2018-03-31 12:43:38,709 INFO    : 客户 15868489882 2018-02-19 13:15:44
2018-03-31 12:43:38,711 INFO    : 客户 18668183056 2018-02-19 10:12:33
2018-03-31 12:43:38,712 INFO    : 林 13064767428 2018-02-18 10:48:34
2018-03-31 12:43:38,714 INFO    : BJBian 15858465983 2018-02-18 05:14:29
2018-03-31 12:43:38,715 INFO    : 林女士 13282126383 2018-02-17 14:29:08
2018-03-31 12:43:38,718 INFO    : Dong吉吉吉吉 17858761226 2018-02-17 11:07:45
2018-03-31 12:43:38,787 INFO    : 王兴 15267035734 2018-02-14 23:50:30
2018-03-31 12:43:43,573 INFO    : 客户 15824475795 2018-02-14 12:38:39
2018-03-31 12:43:43,573 INFO    : 客户 15397121921 2018-02-14 10:30:53
2018-03-31 12:43:43,601 INFO    : 客户 15868168152 2018-02-13 09:55:21
2018-03-31 12:43:43,602 INFO    : 孙丽军 15990075180 2018-02-12 14:20:17
2018-03-31 12:43:43,603 INFO    : 彭明辉 18257189716 2018-02-12 13:23:18
2018-03-31 12:43:43,604 INFO    : 客户 057126897028 2018-02-12 10:40:45
2018-03-31 12:43:43,605 INFO    : 方嘉俊 15824188391 2018-02-12 01:14:20
2018-03-31 12:43:43,606 INFO    : 曾凡松 15024431005 2018-02-11 22:58:46
2018-03-31 12:43:43,607 INFO    : 吴誉东1991 18257553402 2018-02-11 21:02:10
2018-03-31 12:43:43,661 INFO    : Viking_Ma 18857157249 2018-02-11 13:55:16
2018-03-31 12:43:49,239 INFO    : 吴鑫琦 18867146174 2018-02-11 13:47:04
2018-03-31 12:43:49,239 INFO    : 客户 15306568269 2018-02-11 10:39:49
2018-03-31 12:43:49,254 INFO    : 客户 15306568269 2018-02-11 10:34:28
2018-03-31 12:43:49,255 INFO    : 李 13296760806 2018-02-11 10:20:32
2018-03-31 12:43:49,255 INFO    : 刘先生 13752269895 2018-02-11 07:17:50
2018-03-31 12:43:49,256 INFO    : 小杨 17393257785 2018-02-11 00:11:04
2018-03-31 12:43:49,257 INFO    : ad6z3rf 13958044766 2018-02-11 00:02:29
2018-03-31 12:43:49,258 INFO    : 梅汉青 13588086691 2018-02-10 20:57:07
2018-03-31 12:43:49,259 INFO    : 吴金华 18511990012 2018-02-10 14:28:51
2018-03-31 12:43:49,260 INFO    : 秦谭华 15957508075 2018-02-10 14:10:36
2018-03-31 12:43:54,025 INFO    : 客户 18857292900 2018-02-10 13:17:37
2018-03-31 12:43:54,028 INFO    : 金 18606515026 2018-02-09 20:06:35
2018-03-31 12:43:54,064 INFO    : 胡正青 13754369819 2018-02-09 19:56:50
2018-03-31 12:43:54,065 INFO    : 客户 13355973120 2018-02-09 16:40:48
2018-03-31 12:43:54,066 INFO    : 陈立明 15158296193 2018-02-09 15:50:42
2018-03-31 12:43:54,067 INFO    : 客户 13185016858 2018-02-09 14:29:52
2018-03-31 12:43:54,068 INFO    : 客户 18657286798 2018-02-09 14:22:31
2018-03-31 12:43:54,135 INFO    : 俞 15355553699 2018-02-09 13:24:39
2018-03-31 12:43:54,136 INFO    : 客户 17681802563 2018-02-09 08:46:13
2018-03-31 12:43:54,137 INFO    : 倪 13958186889 2018-02-09 08:34:06
2018-03-31 12:43:58,663 INFO    : 方轶文 15968190628 2018-02-08 22:18:50
2018-03-31 12:43:58,665 INFO    : 范丽 18958195814 2018-02-07 22:11:45
2018-03-31 12:43:58,689 INFO    : yu9010390 13586421191 2018-02-07 21:55:37
2018-03-31 12:43:58,690 INFO    : 黄生 13396852211 2018-02-07 15:01:21
2018-03-31 12:43:58,692 INFO    : 客户 13956889955 2018-02-07 13:48:40
2018-03-31 12:43:58,693 INFO    : 周文强 18857709520 2018-02-07 11:52:34
2018-03-31 12:43:58,694 INFO    : 客户 13671933926 2018-02-07 09:49:34
2018-03-31 12:43:58,695 INFO    : 客户 15868852801 2018-02-07 09:20:06
2018-03-31 12:43:58,750 INFO    : 沈枭鹏 13867460790 2018-02-07 01:56:18
2018-03-31 12:43:58,751 INFO    : 孙 13575788526 2018-02-06 22:25:28
2018-03-31 12:44:03,506 INFO    : 蒋 13732216781 2018-02-06 20:18:32
2018-03-31 12:44:03,507 INFO    : jiang59664 13732216781 2018-02-06 20:15:44
2018-03-31 12:44:03,521 INFO    : 李娜 15988865292 2018-02-06 18:27:39
2018-03-31 12:44:03,521 INFO    : 徐鲁明 13732220259 2018-02-06 13:45:13
2018-03-31 12:44:03,523 INFO    : 张敏 15395719665 2018-02-06 13:01:39
2018-03-31 12:44:03,523 INFO    : 疯子段 14705705299 2018-02-06 09:34:34
2018-03-31 12:44:03,524 INFO    : 夏国炎 18158513667 2018-02-05 23:33:14
2018-03-31 12:44:03,525 INFO    : 于红雷 15358270153 2018-02-05 20:33:01
2018-03-31 12:44:03,526 INFO    : 朱先生 17681279877 2018-02-05 20:06:04
2018-03-31 12:44:03,527 INFO    : 于春月 18968063083 2018-02-05 19:56:47
2018-03-31 12:44:08,455 INFO    : 王俊 13205003875 2018-02-05 17:05:20
2018-03-31 12:44:08,456 INFO    : 客户 13336160708 2018-02-05 15:52:59
2018-03-31 12:44:08,470 INFO    : 客户 18368130155 2018-02-05 13:52:36
2018-03-31 12:44:08,471 INFO    : 余生 15779991659 2018-02-04 21:50:58
2018-03-31 12:44:08,472 INFO    : 王连飞 15988229296 2018-02-04 19:14:09
2018-03-31 12:44:08,472 INFO    : 蔡 13516729028 2018-02-04 19:07:07
2018-03-31 12:44:08,473 INFO    : 朱志远 13456958811 2018-02-04 18:47:52
2018-03-31 12:44:08,474 INFO    : 客户 18055233337 2018-02-04 14:01:17
2018-03-31 12:44:08,475 INFO    : 客户 15988115593 2018-02-04 12:04:01
2018-03-31 12:44:08,476 INFO    : 客户 13175023268 2018-02-04 12:03:47
2018-03-31 12:44:13,256 INFO    : 客户 17755251068 2018-02-04 10:12:15
2018-03-31 12:44:13,259 INFO    : 杨 18557532692 2018-02-04 09:54:17
2018-03-31 12:44:13,279 INFO    : 吴杰 13855952938 2018-02-04 06:57:53
2018-03-31 12:44:13,280 INFO    : 虞柳江 15257075059 2018-02-03 21:42:40
2018-03-31 12:44:13,281 INFO    : 朱波 13735815161 2018-02-03 13:27:21
2018-03-31 12:44:13,283 INFO    : 李 13625815595 2018-02-03 11:06:59
2018-03-31 12:44:13,325 INFO    : 客户 13735465037 2018-02-03 09:11:48
2018-03-31 12:44:13,326 INFO    : 张晓峰 13735465037 2018-02-03 09:11:09
2018-03-31 12:44:13,327 INFO    : 童亚传 18758305525 2018-02-03 08:08:16
2018-03-31 12:44:13,328 INFO    : 陶锋 15157520210 2018-02-02 18:10:03
2018-03-31 12:44:17,865 INFO    : 舒成康 18110835553 2018-02-02 16:05:14
2018-03-31 12:44:17,867 INFO    : 林 13047612695 2018-02-02 15:25:32
2018-03-31 12:44:17,888 INFO    : 裘 17681838788 2018-02-02 14:40:44
2018-03-31 12:44:17,889 INFO    : 金梁 13777465211 2018-02-02 13:16:10
2018-03-31 12:44:17,891 INFO    : 杨 13666633263 2018-02-02 12:40:09
2018-03-31 12:44:17,892 INFO    : 谷超 15268108147 2018-02-02 10:21:15
2018-03-31 12:44:17,893 INFO    : 缪阳通 15257577956 2018-02-01 23:08:02
2018-03-31 12:44:17,894 INFO    : 科辉966 13454572133 2018-02-01 22:22:05
2018-03-31 12:44:17,895 INFO    : 科辉966 13454572133 2018-02-01 22:19:24
2018-03-31 12:44:17,966 INFO    : 董俊 15988228563 2018-02-01 21:58:15
2018-03-31 12:44:22,537 INFO    : 董俊 15988228563 2018-02-01 21:56:58
2018-03-31 12:44:22,537 INFO    : 柴新林 15858123050 2018-02-01 21:06:12
2018-03-31 12:44:22,553 INFO    : 那死的厝 15868668033 2018-02-01 19:38:03
2018-03-31 12:44:22,556 INFO    : 向门家福 15956362133 2018-02-01 15:59:47
2018-03-31 12:44:22,558 INFO    : 客户 15868256813 2018-02-01 15:01:23
2018-03-31 12:44:22,559 INFO    : 胡炯杰 13566619423 2018-02-01 12:52:43
2018-03-31 12:44:22,606 INFO    : 朱先生 13634196555 2018-02-01 12:18:47
2018-03-31 12:44:22,607 INFO    : 赵明 13967197503 2018-01-31 16:27:51
2018-03-31 12:44:22,608 INFO    : 客户 15057228876 2018-01-31 14:16:39
2018-03-31 12:44:22,608 INFO    : 程军 13603973901 2018-01-31 12:22:33
2018-03-31 12:44:27,137 INFO    : 张军 13372517059 2018-01-31 12:02:29
2018-03-31 12:44:27,138 INFO    : 李先生 13858105708 2018-01-31 11:19:52
2018-03-31 12:44:27,167 INFO    : 俞柳伊 13967228273 2018-01-31 11:03:50
2018-03-31 12:44:27,169 INFO    : 周 13758272002 2018-01-31 10:17:55
2018-03-31 12:44:27,172 INFO    : 吴 18714950168 2018-01-31 08:12:23
2018-03-31 12:44:27,175 INFO    : 唐春想 15967592691 2018-01-31 07:46:51
2018-03-31 12:44:27,177 INFO    : 陈刚 18058779671 2018-01-30 22:49:36
2018-03-31 12:44:27,226 INFO    : 徐 13388603566 2018-01-30 20:44:49
2018-03-31 12:44:27,227 INFO    : 周车主 13967338620 2018-01-30 19:38:18
2018-03-31 12:44:27,228 INFO    : 裘八刚 15024405833 2018-01-30 19:10:35
2018-03-31 12:44:31,753 INFO    : 李奥雅 15858155889 2018-01-30 19:02:57
2018-03-31 12:44:31,784 INFO    : 程军 13603973901 2018-01-30 17:57:19
2018-03-31 12:44:31,843 INFO    : 平凹凸 18668090627 2018-01-30 16:28:16
2018-03-31 12:44:31,844 INFO    : 胡剑锋 13173655616 2018-01-30 15:33:38
2018-03-31 12:44:31,881 INFO    : 客户 15967190326 2018-01-30 11:40:23
2018-03-31 12:44:31,882 INFO    : 客户 13685888716 2018-01-30 11:29:44
2018-03-31 12:44:31,883 INFO    : 陈龙 15605885831 2018-01-30 10:45:10
2018-03-31 12:44:31,884 INFO    : 客户 19955208424 2018-01-30 10:32:01
2018-03-31 12:44:31,891 INFO    : 裘明飞 15858276461 2018-01-30 09:59:24
2018-03-31 12:44:31,958 INFO    : 周 13781778875 2018-01-30 09:33:11
2018-03-31 12:44:36,561 INFO    : 王 15168202391 2018-01-29 20:33:56
2018-03-31 12:44:36,568 INFO    : `郑 15990337110 2018-01-29 19:02:58
2018-03-31 12:44:36,588 INFO    : 客户 13852365097 2018-01-29 15:27:44
2018-03-31 12:44:36,589 INFO    : 章利军 13666634088 2018-01-29 15:26:52
2018-03-31 12:44:36,590 INFO    : 章利军 13666634088 2018-01-29 15:26:41
2018-03-31 12:44:36,591 INFO    : 王 18958132290 2018-01-29 11:15:06
2018-03-31 12:44:36,592 INFO    : 陈 18906512511 2018-01-29 09:39:25
2018-03-31 12:44:36,593 INFO    : 胡宏鹏 13588735440 2018-01-28 22:44:16
2018-03-31 12:44:36,594 INFO    : 刘先生 13357570628 2018-01-28 22:24:43
2018-03-31 12:44:36,664 INFO    : 客户 13656815728 2018-01-28 14:42:57
2018-03-31 12:44:41,519 INFO    : 张前卫 13625719417 2018-01-28 10:52:23
2018-03-31 12:44:41,579 INFO    : 戎续标 13282161222 2018-01-27 23:17:01
2018-03-31 12:44:41,988 INFO    : 弦子 13700834714 2018-01-27 20:22:26
2018-03-31 12:44:42,631 INFO    : 汪玉静 18897989456 2018-01-27 14:24:44
2018-03-31 12:44:43,510 INFO    : 客户 15088718357 2018-01-27 12:46:04
2018-03-31 12:44:43,690 INFO    : 李先生 13858105708 2018-01-27 12:16:15
2018-03-31 12:44:43,705 INFO    : 鲍卫阳 15168382191 2018-01-27 09:13:14
2018-03-31 12:44:43,712 INFO    : 鲍卫阳 15168382191 2018-01-27 09:12:41
2018-03-31 12:44:43,714 INFO    : 张永现 15268551312 2018-01-27 07:54:03
2018-03-31 12:44:43,716 INFO    : 陈岭 15325736362 2018-01-26 23:21:51
2018-03-31 12:44:48,285 INFO    : 客户 057185225216 2018-01-26 15:58:40
2018-03-31 12:44:48,286 INFO    : 刘先生 13634175667 2018-01-26 14:28:31
2018-03-31 12:44:48,302 INFO    : 王望 18658602500 2018-01-26 14:16:41
2018-03-31 12:44:48,303 INFO    : 蔡明 18557518123 2018-01-26 13:08:37
2018-03-31 12:44:48,305 INFO    : 余先生 13165862937 2018-01-26 12:17:42
2018-03-31 12:44:48,307 INFO    : 客户 15988805145 2018-01-26 11:39:31
2018-03-31 12:44:48,308 INFO    : 客户 15988805145 2018-01-26 11:38:46
2018-03-31 12:44:48,380 INFO    : 林 13148491805 2018-01-25 15:46:36
2018-03-31 12:44:48,381 INFO    : 罗建明 13958063211 2018-01-25 13:06:15
2018-03-31 12:44:48,382 INFO    : 李F初 13003643580 2018-01-25 11:42:16
2018-03-31 12:44:52,918 INFO    : 客户 13335590137 2018-01-25 08:53:46
2018-03-31 12:44:52,920 INFO    : 胡先生 13335590137 2018-01-25 08:45:47
2018-03-31 12:44:52,947 INFO    : 陈亚坤 15158890663 2018-01-24 20:55:36
2018-03-31 12:44:52,949 INFO    : 毛先生 18157330808 2018-01-24 18:05:29
2018-03-31 12:44:52,950 INFO    : 张文华 18457135171 2018-01-24 17:52:53
2018-03-31 12:44:52,951 INFO    : 严先生 15158048216 2018-01-24 14:27:40
2018-03-31 12:44:52,953 INFO    : 客户 13958130390 2018-01-24 13:53:31
2018-03-31 12:44:53,008 INFO    : 客户 057163820752 2018-01-24 11:50:52
2018-03-31 12:44:53,009 INFO    : 单 15501115119 2018-01-24 11:16:05
2018-03-31 12:44:53,010 INFO    : 王 13157020294 2018-01-24 10:43:16
2018-03-31 12:44:57,732 INFO    : 林 13148491805 2018-01-24 10:28:11
2018-03-31 12:44:57,734 INFO    : 范先生 13962176570 2018-01-24 09:33:10
2018-03-31 12:44:57,758 INFO    : 客户 13588777433 2018-01-24 08:06:43
2018-03-31 12:44:57,761 INFO    : 573j 13615816956 2018-01-23 21:45:09
2018-03-31 12:44:57,762 INFO    : 缪洪敏 13968014215 2018-01-23 17:52:38
2018-03-31 12:44:57,763 INFO    : 客户 18798780942 2018-01-23 11:10:09
2018-03-31 12:44:57,764 INFO    : 客户 18967378299 2018-01-23 11:00:53
2018-03-31 12:44:57,766 INFO    : 杨 17764568089 2018-01-23 10:00:50
2018-03-31 12:44:57,767 INFO    : 李 13625815595 2018-01-22 23:07:17
2018-03-31 12:44:57,768 INFO    : 李 18551582737 2018-01-22 23:03:22
2018-03-31 12:45:02,372 INFO    : 陈陈 15973806866 2018-01-22 22:26:33
2018-03-31 12:45:02,374 INFO    : 葛勇 13764634117 2018-01-22 22:14:34
2018-03-31 12:45:02,393 INFO    : 啊啊啊 17858760533 2018-01-22 21:53:38
2018-03-31 12:45:02,394 INFO    : 客户 15091054817 2018-01-22 21:09:51
2018-03-31 12:45:02,395 INFO    : 客户 13735583050 2018-01-22 17:59:25
2018-03-31 12:45:02,396 INFO    : 丁虎 13735583050 2018-01-22 17:41:34
2018-03-31 12:45:02,398 INFO    : 客户 17790046122 2018-01-22 13:54:01
2018-03-31 12:45:02,399 INFO    : 田红显 18868769971 2018-01-22 13:36:58
2018-03-31 12:45:02,500 INFO    : 王斌 18367210044 2018-01-22 11:43:02
2018-03-31 12:45:02,503 INFO    : 王斌 18367210044 2018-01-22 11:40:34
2018-03-31 12:45:07,007 INFO    : 徐慧君 13208025685 2018-01-22 11:23:21
2018-03-31 12:45:07,009 INFO    : l187585837 18758583799 2018-01-22 11:04:15
2018-03-31 12:45:07,055 INFO    : 洪锋 15958167449 2018-01-22 02:10:20
2018-03-31 12:45:07,056 INFO    : 罗文虎 13588210862 2018-01-21 19:54:23
2018-03-31 12:45:07,057 INFO    : 蔡朋程 17730846335 2018-01-21 18:15:55
2018-03-31 12:45:07,059 INFO    : 客户 18167168929 2018-01-21 18:05:00
2018-03-31 12:45:07,060 INFO    : asa37qfdt 17701026669 2018-01-21 17:03:06
2018-03-31 12:45:07,061 INFO    : 李辛虎 13819485157 2018-01-21 16:33:28
2018-03-31 12:45:07,189 INFO    : 客户 057683170086 2018-01-21 16:09:53
2018-03-31 12:45:07,212 INFO    : 客户 18958532600 2018-01-21 16:06:40
2018-03-31 12:45:11,784 INFO    : 客户 15657177690 2018-01-21 14:17:01
2018-03-31 12:45:11,785 INFO    : haiyu_1 15868466288 2018-01-21 14:11:54
2018-03-31 12:45:11,801 INFO    : 客户 13738802406 2018-01-21 11:24:36
2018-03-31 12:45:11,802 INFO    : 客户 13905596513 2018-01-21 10:19:32
2018-03-31 12:45:11,802 INFO    : 潘志虎 13738802406 2018-01-21 09:58:56
2018-03-31 12:45:11,803 INFO    : 李先生 15868831779 2018-01-21 08:48:00
2018-03-31 12:45:11,804 INFO    : 陈先生 15168331013 2018-01-21 06:14:23
2018-03-31 12:45:11,806 INFO    : 张永现 15268551312 2018-01-21 03:20:55
2018-03-31 12:45:11,857 INFO    : 客户 13372521019 2018-01-20 21:16:25
2018-03-31 12:45:11,858 INFO    : 杨昌军 17767094825 2018-01-20 21:11:55
2018-03-31 12:45:16,408 INFO    : 客户 15068171222 2018-01-20 15:39:13
2018-03-31 12:45:16,409 INFO    : 客户 13685776050 2018-01-20 15:22:14
2018-03-31 12:45:16,424 INFO    : 客户 13456771449 2018-01-20 15:12:36
2018-03-31 12:45:16,425 INFO    : Big逍遥 18989451909 2018-01-20 14:50:01
2018-03-31 12:45:16,426 INFO    : 客户 13567851533 2018-01-20 14:39:18
2018-03-31 12:45:16,427 INFO    : 客户 13750830343 2018-01-20 12:39:33
2018-03-31 12:45:16,428 INFO    : 王爽 15726968324 2018-01-20 12:36:36
2018-03-31 12:45:16,429 INFO    : 客户 15958016665 2018-01-20 12:34:26
2018-03-31 12:45:16,430 INFO    : 客户 13588258324 2018-01-20 11:49:03
2018-03-31 12:45:16,431 INFO    : 李永平 13018975018 2018-01-19 20:50:26
2018-03-31 12:45:21,047 INFO    : 华军 13805738849 2018-01-19 20:29:15
2018-03-31 12:45:21,048 INFO    : 杨丽娟 13665745597 2018-01-19 17:59:18
2018-03-31 12:45:21,066 INFO    : 车景刚 15158359000 2018-01-19 17:05:17
2018-03-31 12:45:21,067 INFO    : 谢先生 15158001942 2018-01-19 14:46:58
2018-03-31 12:45:21,069 INFO    : 客户 15858180379 2018-01-19 12:13:37
2018-03-31 12:45:21,071 INFO    : 客户 13584865816 2018-01-19 11:40:01
2018-03-31 12:45:21,072 INFO    : 葛 13646871333 2018-01-19 11:11:28
2018-03-31 12:45:21,072 INFO    : 客户 15858180379 2018-01-19 10:17:04
2018-03-31 12:45:21,134 INFO    : 郭 13588820044 2018-01-19 09:38:41
2018-03-31 12:45:21,135 INFO    : 俞先生 13175111283 2018-01-19 09:26:39
2018-03-31 12:45:25,678 INFO    : 毕磊 15993987953 2018-01-19 06:26:48
2018-03-31 12:45:25,680 INFO    : 秋吉尼玛 15726881333 2018-01-18 21:59:15
2018-03-31 12:45:25,708 INFO    : 刘 18069857973 2018-01-18 21:38:43
2018-03-31 12:45:25,709 INFO    : 夏天 13646822041 2018-01-18 19:52:48
2018-03-31 12:45:25,710 INFO    : 陈先生 18505662917 2018-01-18 18:37:35
2018-03-31 12:45:25,712 INFO    : 黄罗航 13185557005 2018-01-18 16:17:30
2018-03-31 12:45:25,768 INFO    : 客户 051086978560 2018-01-18 12:42:45
2018-03-31 12:45:25,769 INFO    : 刘 13295816174 2018-01-18 11:32:56
2018-03-31 12:45:25,770 INFO    : 董 15158851711 2018-01-18 09:29:32
2018-03-31 12:45:25,772 INFO    : 陈元元 18968022816 2018-01-18 07:07:14
2018-03-31 12:45:30,498 INFO    : 李兵 15355061718 2018-01-17 23:49:29
2018-03-31 12:45:30,544 INFO    : 刘文豪 15267112717 2018-01-17 14:56:37
2018-03-31 12:45:30,569 INFO    : 李立成 15167181381 2018-01-17 14:17:54
2018-03-31 12:45:30,571 INFO    : 丁 15755784422 2018-01-17 13:04:56
2018-03-31 12:45:30,572 INFO    : 汪晔 13750895816 2018-01-17 12:07:31
2018-03-31 12:45:30,573 INFO    : 宗志强 13957210193 2018-01-17 00:40:25
2018-03-31 12:45:30,575 INFO    : 孙先生 18110725520 2018-01-16 19:37:37
2018-03-31 12:45:30,576 INFO    : 黄礼龙 13735873734 2018-01-16 18:44:56
2018-03-31 12:45:30,725 INFO    : 王小姐 15988805145 2018-01-16 18:35:08
2018-03-31 12:45:30,727 INFO    : 王建军 13484380018 2018-01-16 16:26:10
2018-03-31 12:45:35,295 INFO    : 王建军 13484380018 2018-01-16 16:22:14
2018-03-31 12:45:35,297 INFO    : 任先生 13867471353 2018-01-16 13:09:19
2018-03-31 12:45:35,325 INFO    : 客户 18502393033 2018-01-16 12:06:34
2018-03-31 12:45:35,327 INFO    : 客户 18359184718 2018-01-16 10:11:13
2018-03-31 12:45:35,333 INFO    : 周杰68 18158441968 2018-01-16 10:06:46
2018-03-31 12:45:35,375 INFO    : 周敏 13735573105 2018-01-16 09:10:41
2018-03-31 12:45:35,377 INFO    : 胡友明 13968052275 2018-01-16 02:30:02
2018-03-31 12:45:35,378 INFO    : 小杨 15925656978 2018-01-16 02:18:06
2018-03-31 12:45:35,378 INFO    : 刘义生 15088707368 2018-01-15 21:49:01
2018-03-31 12:45:35,379 INFO    : 客户 15233892057 2018-01-15 21:10:01
2018-03-31 12:45:39,911 INFO    : 客户 15233892057 2018-01-15 21:08:53
2018-03-31 12:45:39,913 INFO    : 王小姐 15988805145 2018-01-15 20:08:42
2018-03-31 12:45:39,928 INFO    : 余富强 13456891006 2018-01-15 19:13:13
2018-03-31 12:45:39,929 INFO    : 一字真菌 18768196233 2018-01-15 18:25:36
2018-03-31 12:45:39,930 INFO    : huang52052 18072703042 2018-01-15 16:56:15
2018-03-31 12:45:39,932 INFO    : 客户 15256206166 2018-01-15 16:30:19
2018-03-31 12:45:39,933 INFO    : 客户 15372008987 2018-01-15 13:14:48
2018-03-31 12:45:39,934 INFO    : 卢 15372008987 2018-01-15 13:05:11
2018-03-31 12:45:39,989 INFO    : 侯泽浪 18224603358 2018-01-15 12:31:37
2018-03-31 12:45:39,990 INFO    : 浙A3L257 18067973009 2018-01-15 12:15:19
2018-03-31 12:45:45,028 INFO    : 客户 15158154669 2018-01-15 11:51:18
2018-03-31 12:45:45,030 INFO    : 吴俊 17605890639 2018-01-15 10:19:07
2018-03-31 12:45:45,060 INFO    : 客户 18267101701 2018-01-14 19:36:06
2018-03-31 12:45:45,063 INFO    : 客户 057427979436 2018-01-14 18:05:16
2018-03-31 12:45:45,064 INFO    : 吴晓蒙 15268515322 2018-01-14 15:35:32
2018-03-31 12:45:45,099 INFO    : 陈小鸾 13605809035 2018-01-14 15:21:03
2018-03-31 12:45:45,100 INFO    : 客户 13757190764 2018-01-14 14:40:09
2018-03-31 12:45:45,101 INFO    : 旦旦彭 15957183756 2018-01-13 22:51:08
2018-03-31 12:45:45,102 INFO    : 蒋先生 13819195522 2018-01-13 20:02:26
2018-03-31 12:45:45,103 INFO    : 李小波 13044551716 2018-01-13 17:50:11
2018-03-31 12:45:49,680 INFO    : 客户 13838621359 2018-01-13 17:00:34
2018-03-31 12:45:49,682 INFO    : 客户 18057183186 2018-01-13 16:22:12
2018-03-31 12:45:49,714 INFO    : 客户 18057183186 2018-01-13 15:10:32
2018-03-31 12:45:49,715 INFO    : 客户 18057183186 2018-01-13 15:10:05
2018-03-31 12:45:49,715 INFO    : 倪 18072720671 2018-01-13 13:41:24
2018-03-31 12:45:49,716 INFO    : 高峰 13486187670 2018-01-13 11:48:57
2018-03-31 12:45:49,717 INFO    : 刘小天 18258835505 2018-01-12 22:20:33
2018-03-31 12:45:49,719 INFO    : 张泽宇 13083986276 2018-01-12 18:59:00
2018-03-31 12:45:49,721 INFO    : 客户 15372008987 2018-01-12 16:22:58
2018-03-31 12:45:49,791 INFO    : 客户 15088777517 2018-01-12 14:48:14
2018-03-31 12:45:54,355 INFO    : 客户 057126205815 2018-01-12 10:11:53
2018-03-31 12:45:54,356 INFO    : 张 15306537572 2018-01-12 08:59:30
2018-03-31 12:45:54,371 INFO    : 陈磊 18268160304 2018-01-12 08:40:56
2018-03-31 12:45:54,372 INFO    : 隆 13735509643 2018-01-11 22:20:31
2018-03-31 12:45:54,373 INFO    : 客户 18258857001 2018-01-11 19:53:02
2018-03-31 12:45:54,374 INFO    : 张先生 18605889447 2018-01-11 18:03:38
2018-03-31 12:45:54,375 INFO    : 叶涛 13216111810 2018-01-11 17:54:22
2018-03-31 12:45:54,375 INFO    : 叶志浩 13336042928 2018-01-11 15:45:23
2018-03-31 12:45:54,377 INFO    : 客户 18268061942 2018-01-11 15:29:16
2018-03-31 12:45:54,455 INFO    : 客户 057161061066 2018-01-11 15:27:18
2018-03-31 12:45:59,014 INFO    : 闫先生 13916017672 2018-01-11 15:11:09
2018-03-31 12:45:59,016 INFO    : 客户 15554738068 2018-01-11 13:12:56
2018-03-31 12:45:59,040 INFO    : 许 13856639567 2018-01-11 11:56:15
2018-03-31 12:45:59,041 INFO    : 客户 17681531552 2018-01-11 10:18:54
2018-03-31 12:45:59,042 INFO    : 高贤涛 18257546188 2018-01-11 01:28:59
2018-03-31 12:45:59,043 INFO    : 余先生 15968138963 2018-01-10 22:03:42
2018-03-31 12:45:59,044 INFO    : 张梁斌 13732454178 2018-01-10 14:22:09
2018-03-31 12:45:59,045 INFO    : 陈磊 18268160304 2018-01-10 12:25:27
2018-03-31 12:45:59,046 INFO    : 熊先生 13011252525 2018-01-10 11:16:59
2018-03-31 12:45:59,047 INFO    : 廖品水 18758551550 2018-01-10 11:16:49
2018-03-31 12:46:03,765 INFO    : 黄 15869018759 2018-01-10 09:43:36
2018-03-31 12:46:03,768 INFO    : 客户 18936980666 2018-01-10 09:43:02
2018-03-31 12:46:03,794 INFO    : 谢先生 15158001942 2018-01-10 00:31:09
2018-03-31 12:46:03,799 INFO    : 叶正奎 18055661010 2018-01-09 19:51:05
2018-03-31 12:46:03,800 INFO    : 客户 18268061942 2018-01-09 19:12:00
2018-03-31 12:46:03,883 INFO    : zhsh1103 18905562919 2018-01-09 19:01:55
2018-03-31 12:46:03,909 INFO    : 张梁斌 13732454178 2018-01-09 15:12:28
2018-03-31 12:46:03,922 INFO    : SMJ6191523 13984200955 2018-01-09 13:01:49
2018-03-31 12:46:03,924 INFO    : 客户 18958157311 2018-01-09 12:17:36
2018-03-31 12:46:03,930 INFO    : 客户 18958157311 2018-01-09 12:17:07
2018-03-31 12:46:08,653 INFO    : 客户 18058150289 2018-01-09 11:49:24
2018-03-31 12:46:08,655 INFO    : 客户 057182981505 2018-01-09 10:00:09
2018-03-31 12:46:08,682 INFO    : 陈 13819934521 2018-01-09 09:30:58
2018-03-31 12:46:08,684 INFO    : 贾 18958132186 2018-01-09 00:01:15
2018-03-31 12:46:08,687 INFO    : 贾 18958132186 2018-01-08 23:59:55
2018-03-31 12:46:08,731 INFO    : 徐东结 14798019085 2018-01-08 23:20:41
2018-03-31 12:46:08,732 INFO    : 田丽君 18358121664 2018-01-08 22:29:50
2018-03-31 12:46:08,733 INFO    : 卫先生 15858296242 2018-01-08 21:50:36
2018-03-31 12:46:08,734 INFO    : 客户 13705734428 2018-01-08 16:38:47
2018-03-31 12:46:08,734 INFO    : 江先生 18610024092 2018-01-08 11:50:58
2018-03-31 12:46:13,255 INFO    : 客户 13732588703 2018-01-08 11:30:21
2018-03-31 12:46:13,256 INFO    : 张义增 15067154359 2018-01-08 00:40:59
2018-03-31 12:46:13,271 INFO    : 安 18758286055 2018-01-07 22:21:16
2018-03-31 12:46:13,272 INFO    : 魏一 13956505725 2018-01-07 21:47:35
2018-03-31 12:46:13,273 INFO    : 张 15906667760 2018-01-07 20:32:55
2018-03-31 12:46:13,274 INFO    : xlbb123 18561607543 2018-01-07 20:00:06
2018-03-31 12:46:13,276 INFO    : 林国栋 15158154669 2018-01-07 18:49:22
2018-03-31 12:46:13,277 INFO    : 章英华 13855604552 2018-01-07 18:35:31
2018-03-31 12:46:13,278 INFO    : 朱先生 13806506500 2018-01-07 16:23:35
2018-03-31 12:46:13,363 INFO    : 客户 17855838937 2018-01-07 14:23:47
2018-03-31 12:46:17,948 INFO    : 赵紫娟 13956638830 2018-01-07 13:35:26
2018-03-31 12:46:17,983 INFO    : 客户 13336163466 2018-01-07 13:27:40
2018-03-31 12:46:17,994 INFO    : 客户 13951505071 2018-01-07 10:45:17
2018-03-31 12:46:17,995 INFO    : 王中辉 17770303503 2018-01-07 08:40:08
2018-03-31 12:46:17,997 INFO    : 杨先生 15867152065 2018-01-06 23:01:51
2018-03-31 12:46:17,999 INFO    : 客户 15650681216 2018-01-06 21:16:39
2018-03-31 12:46:18,001 INFO    : 客户 18359184718 2018-01-06 17:07:44
2018-03-31 12:46:18,102 INFO    : 于 13858525515 2018-01-06 16:40:54
2018-03-31 12:46:18,104 INFO    : 杨江兰 15558950759 2018-01-06 15:07:51
2018-03-31 12:46:18,107 INFO    : 客户 17355258080 2018-01-06 12:31:08
2018-03-31 12:46:22,657 INFO    : 刘 13957142622 2018-01-06 12:31:01
2018-03-31 12:46:22,657 INFO    : 赵 13396777956 2018-01-06 11:55:22
2018-03-31 12:46:22,669 INFO    : 赵 13396777956 2018-01-06 11:52:15
2018-03-31 12:46:22,671 INFO    : 客户 17767058847 2018-01-06 11:26:02
2018-03-31 12:46:22,672 INFO    : 客户 13732223070 2018-01-06 11:20:22
2018-03-31 12:46:22,672 INFO    : 杨 13282135663 2018-01-06 10:03:04
2018-03-31 12:46:22,673 INFO    : 唐坤雷 13750835079 2018-01-06 00:31:40
2018-03-31 12:46:22,674 INFO    : 吴美凤 18767575311 2018-01-05 23:10:16
2018-03-31 12:46:22,675 INFO    : 李贺 13732223070 2018-01-05 22:13:54
2018-03-31 12:46:22,676 INFO    : 胥备 18668635791 2018-01-05 22:12:26
2018-03-31 12:46:27,341 INFO    : 李贺 13732223070 2018-01-05 22:10:40
2018-03-31 12:46:27,342 INFO    : lizisansho 18351069986 2018-01-05 22:10:07
2018-03-31 12:46:27,365 INFO    : 郝文魁 15209218010 2018-01-05 21:20:13
2018-03-31 12:46:27,367 INFO    : 郝文魁 15209218010 2018-01-05 17:58:22
2018-03-31 12:46:27,368 INFO    : 客户 057185862669 2018-01-05 17:13:33
2018-03-31 12:46:27,369 INFO    : 客户 15715761873 2018-01-05 14:42:49
2018-03-31 12:46:27,370 INFO    : 齐 13224022073 2018-01-05 12:27:45
2018-03-31 12:46:27,371 INFO    : 刘 13291878034 2018-01-05 10:56:30
2018-03-31 12:46:27,372 INFO    : 杨丽 17826814499 2018-01-04 21:31:42
2018-03-31 12:46:27,458 INFO    : 陈先生 13738031422 2018-01-04 21:13:13
2018-03-31 12:46:32,260 INFO    : 金先生 18696685172 2018-01-04 21:09:49
2018-03-31 12:46:32,261 INFO    : 客户 18760236383 2018-01-04 16:30:23
2018-03-31 12:46:32,278 INFO    : 方建伟 13958117535 2018-01-04 15:52:36
2018-03-31 12:46:32,280 INFO    : 蒋祥振 18667110297 2018-01-04 14:00:02
2018-03-31 12:46:32,281 INFO    : 宋正江 13732288738 2018-01-04 13:52:12
2018-03-31 12:46:32,283 INFO    : clh200339 13074067651 2018-01-04 12:45:56
2018-03-31 12:46:32,284 INFO    : 施先生 13758228767 2018-01-04 11:32:12
2018-03-31 12:46:32,351 INFO    : 刘 13291878034 2018-01-04 11:13:33
2018-03-31 12:46:32,353 INFO    : 江 13107700136 2018-01-04 11:01:49
2018-03-31 12:46:32,354 INFO    : 客户 13107700135 2018-01-04 10:56:48
2018-03-31 12:46:36,878 INFO    : 客户 13107700135 2018-01-04 10:53:16
2018-03-31 12:46:36,880 INFO    : 客户 15168364354 2018-01-04 10:34:24
2018-03-31 12:46:36,902 INFO    : 王 15056679168 2018-01-04 09:59:04
2018-03-31 12:46:36,903 INFO    : 章一能 15869003939 2018-01-04 09:39:11
2018-03-31 12:46:36,904 INFO    : 陈跃 18367278797 2018-01-04 02:16:57
2018-03-31 12:46:36,906 INFO    : ak4rfn79g 18058701589 2018-01-04 00:58:50
2018-03-31 12:46:36,907 INFO    : 汤理 15867167853 2018-01-03 23:12:16
2018-03-31 12:46:36,908 INFO    : 张英杰 15658805065 2018-01-03 22:39:57
2018-03-31 12:46:36,909 INFO    : 徐杰 18105562212 2018-01-03 22:39:07
2018-03-31 12:46:36,975 INFO    : 戴海舟 13175810593 2018-01-03 21:19:55
2018-03-31 12:46:41,807 INFO    : 客户 13705813600 2018-01-03 16:35:55
2018-03-31 12:46:41,809 INFO    : 万万没想到111 13735519401 2018-01-03 15:13:22
2018-03-31 12:46:41,816 INFO    : 王泽 15397155672 2018-01-03 14:27:57
2018-03-31 12:46:41,818 INFO    : 程远生 15957899970 2018-01-03 14:26:33
2018-03-31 12:46:41,820 INFO    : 程远生 15957899970 2018-01-03 14:26:05
2018-03-31 12:46:41,822 INFO    : 李兵 15355061718 2018-01-03 14:22:22
2018-03-31 12:46:41,824 INFO    : 李兵 15355061718 2018-01-03 14:20:13
2018-03-31 12:46:41,862 INFO    : 程涛 15755023986 2018-01-03 13:46:53
2018-03-31 12:46:41,863 INFO    : 客户 17372773073 2018-01-03 12:49:11
2018-03-31 12:46:41,863 INFO    : 床说中的糕覆 18258485867 2018-01-03 09:38:39
2018-03-31 12:46:46,373 INFO    : 朱永贵 15056623880 2018-01-03 06:48:20
2018-03-31 12:46:46,374 INFO    : 朱学奋 13522688412 2018-01-02 23:36:47
2018-03-31 12:46:46,377 INFO    : 叶 17855906275 2018-01-02 22:52:27
2018-03-31 12:46:46,378 INFO    : 曹 15267475287 2018-01-02 21:36:15
2018-03-31 12:46:46,379 INFO    : 王 15068103955 2018-01-02 21:11:56
2018-03-31 12:46:46,379 INFO    : 尹洪升 13566867730 2018-01-02 20:12:28
2018-03-31 12:46:46,380 INFO    : 客户 13429181228 2018-01-02 19:22:40
2018-03-31 12:46:46,381 INFO    : 李东少 15157156795 2018-01-02 16:29:30
2018-03-31 12:46:46,382 INFO    : 陈李瑶 18368877037 2018-01-02 13:49:32
2018-03-31 12:46:46,383 INFO    : 客户 15088699537 2018-01-02 13:39:15
2018-03-31 12:46:50,921 INFO    : 客户 13107700135 2018-01-02 12:45:27
2018-03-31 12:46:50,922 INFO    : 客户 13107700135 2018-01-02 12:43:04
2018-03-31 12:46:50,923 INFO    : 客户 13107700135 2018-01-02 12:42:06
2018-03-31 12:46:50,924 INFO    : 客户 13967001898 2018-01-02 12:36:35
2018-03-31 12:46:50,924 INFO    : 徐 18368872939 2018-01-02 11:35:34
2018-03-31 12:46:50,925 INFO    : 客户 18910260339 2018-01-02 10:20:36
2018-03-31 12:46:50,925 INFO    : 客户 13396718830 2018-01-02 09:54:23
2018-03-31 12:46:50,926 INFO    : 李先生 15168409406 2018-01-02 07:33:46
2018-03-31 12:46:50,926 INFO    : 程海燕 15922340932 2018-01-02 07:09:53
2018-03-31 12:46:50,927 INFO    : Zhaogaomin 18267728627 2018-01-02 07:08:24
2018-03-31 12:46:55,467 INFO    : 李海斌 17733697190 2018-01-02 06:22:53
2018-03-31 12:46:55,468 INFO    : 百合草之恋 18879360029 2018-01-02 00:22:59
2018-03-31 12:46:55,469 INFO    : 刘建伟 15067025152 2018-01-01 21:58:46
2018-03-31 12:46:55,469 INFO    : 邹树林 15868468598 2018-01-01 21:29:20
2018-03-31 12:46:55,470 INFO    : 安安20182018 18967127138 2018-01-01 21:27:07
2018-03-31 12:46:55,470 INFO    : 健力宝1987 13697039558 2018-01-01 21:15:53
2018-03-31 12:46:55,471 INFO    : 刘 13396718830 2018-01-01 19:41:52
2018-03-31 12:46:55,471 INFO    : 客户 13396718830 2018-01-01 19:40:54
2018-03-31 12:46:55,471 INFO    : 左俊明 15357392088 2018-01-01 12:26:41
2018-03-31 12:46:55,472 INFO    : 哈哈哈吼吼吼 15727911752 2018-01-01 11:45:50
2018-03-31 12:47:00,097 INFO    : 陈院龙 13701989039 2018-01-01 11:39:52
2018-03-31 12:47:00,098 INFO    : 林 13148361497 2018-01-01 11:33:30
2018-03-31 12:47:00,098 INFO    : 施先生 13758228767 2018-01-01 10:33:15
2018-03-31 12:47:00,099 INFO    : 张 18958156698 2018-01-01 09:24:21
2018-03-31 12:47:00,100 INFO    : 王红星 17746843972 2017-12-31 21:20:06
2018-03-31 12:47:00,100 INFO    : 钱利锋 18668089721 2017-12-31 12:35:56
2018-03-31 12:47:00,101 INFO    : 钱利锋 18668089721 2017-12-31 12:35:29
2018-03-31 12:47:00,101 INFO    : 客户 13107700135 2017-12-31 09:09:30
2018-03-31 12:47:00,102 INFO    : 客户 13107700135 2017-12-31 09:04:52
2018-03-31 12:47:00,103 INFO    : 客户 13107700135 2017-12-31 09:03:42
2018-03-31 12:47:04,797 INFO    : linjianbin 13970367935 2017-12-31 01:23:41
2018-03-31 12:47:04,798 INFO    : 张礼军 15906667760 2017-12-30 21:31:02
2018-03-31 12:47:04,801 INFO    : 客户 13816561805 2017-12-30 20:17:23
2018-03-31 12:47:04,802 INFO    : 彭亮 15970370911 2017-12-30 17:50:34
2018-03-31 12:47:04,803 INFO    : 客户 13776585537 2017-12-30 16:52:56
2018-03-31 12:47:04,805 INFO    : 金 18858172787 2017-12-30 15:36:02
2018-03-31 12:47:04,806 INFO    : 客户 15168265869 2017-12-30 12:15:18
2018-03-31 12:47:04,808 INFO    : 秦岭 13858149561 2017-12-30 11:43:40
2018-03-31 12:47:04,810 INFO    : 谢亮 18382860100 2017-12-30 06:20:28
2018-03-31 12:47:04,811 INFO    : 汪文林617007 18297758916 2017-12-30 00:37:06
2018-03-31 12:49:08,839 ERROR   : cookie信息不正确
Traceback (most recent call last):
  File "C:\Desktop\djangocode\untitled1\carhome.py", line 179, in main
    start(cookie, History())
  File "C:\Desktop\djangocode\untitled1\carhome.py", line 103, in start
    load_data(cook, history)
  File "C:\Desktop\djangocode\untitled1\carhome.py", line 123, in load_data
    iter_page(cook, page_size, history)
  File "C:\Desktop\djangocode\untitled1\carhome.py", line 141, in iter_page
    remote.upload(file_name)
  File "C:\Desktop\djangocode\untitled1\remote.py", line 32, in upload
    ftp = Ftp()
  File "C:\Desktop\djangocode\untitled1\remote.py", line 15, in __init__
    self.ftp.connect(HOST, PORT)
  File "C:\Users\Chenli\AppData\Local\Programs\Python\Python36\lib\ftplib.py", line 155, in connect
    self.welcome = self.getresp()
  File "C:\Users\Chenli\AppData\Local\Programs\Python\Python36\lib\ftplib.py", line 236, in getresp
    resp = self.getmultiline()
  File "C:\Users\Chenli\AppData\Local\Programs\Python\Python36\lib\ftplib.py", line 226, in getmultiline
    nextline = self.getline()
  File "C:\Users\Chenli\AppData\Local\Programs\Python\Python36\lib\ftplib.py", line 210, in getline
    raise EOFError
EOFError
