2018-03-31 12:30:00,055 INFO    : 收集cookie信息
2018-03-31 12:30:00,068 INFO    : 验证cookie信息...
2018-03-31 12:30:26,162 INFO    : 验证cookie信息成功！数据抓取中...
2018-03-31 12:30:26,174 ERROR   : cookie信息不正确
Traceback (most recent call last):
  File "C:\Desktop\djangocode\untitled1\yiche.py", line 132, in main
    start(cookie, History())
  File "C:\Desktop\djangocode\untitled1\yiche.py", line 59, in start
    cookies = eval(cook)
TypeError: eval() arg 1 must be a string, bytes or code object
2018-03-31 12:40:13,052 INFO    : 收集cookie信息
2018-03-31 12:40:13,053 INFO    : 验证cookie信息...
2018-03-31 12:40:39,198 INFO    : 验证cookie信息成功！数据抓取中...
2018-03-31 12:40:39,198 ERROR   : cookie信息不正确
Traceback (most recent call last):
  File "C:\Desktop\djangocode\untitled1\yiche.py", line 132, in main
    start(cookie, History())
  File "C:\Desktop\djangocode\untitled1\yiche.py", line 59, in start
    cookies = eval(cook)
TypeError: eval() arg 1 must be a string, bytes or code object
2018-03-31 12:43:31,737 INFO    : 收集cookie信息
2018-03-31 12:43:31,737 INFO    : 验证cookie信息...
2018-03-31 12:43:57,926 INFO    : 验证cookie信息成功！数据抓取中...
2018-03-31 12:43:57,927 ERROR   : cookie信息不正确
Traceback (most recent call last):
  File "C:\Desktop\djangocode\untitled1\yiche.py", line 132, in main
    start(cookie, History())
  File "C:\Desktop\djangocode\untitled1\yiche.py", line 59, in start
    cookies = eval(cook)
TypeError: eval() arg 1 must be a string, bytes or code object
2018-03-31 12:46:20,531 INFO    : 收集cookie信息
2018-03-31 12:46:20,532 INFO    : 验证cookie信息...
2018-03-31 12:46:46,637 INFO    : 验证cookie信息成功！数据抓取中...
2018-03-31 12:46:46,639 ERROR   : cookie信息不正确
Traceback (most recent call last):
  File "C:\Desktop\djangocode\untitled1\yiche.py", line 132, in main
    start(cookie, History())
  File "C:\Desktop\djangocode\untitled1\yiche.py", line 59, in start
    cookies = eval(cook)
TypeError: eval() arg 1 must be a string, bytes or code object
2018-03-31 12:47:13,382 INFO    : 收集cookie信息
2018-03-31 12:47:13,383 INFO    : 验证cookie信息...
2018-03-31 12:47:33,874 ERROR   : cookie信息不正确
Traceback (most recent call last):
  File "C:\Desktop\djangocode\untitled1\yiche.py", line 132, in main
    start(cookie, History())
  File "C:\Desktop\djangocode\untitled1\yiche.py", line 57, in start
    cook = exc_cmd(cmd, 20)
  File "C:\Desktop\djangocode\untitled1\tools.py", line 44, in exc_cmd
    time.sleep(0.2)
KeyboardInterrupt
2018-03-31 12:51:19,634 INFO    : 收集cookie信息
2018-03-31 12:51:19,635 INFO    : 验证cookie信息...
2018-03-31 12:51:31,256 ERROR   : cookie信息不正确
Traceback (most recent call last):
  File "C:\Desktop\djangocode\untitled1\yiche.py", line 133, in main
    start(cookie, History())
  File "C:\Desktop\djangocode\untitled1\yiche.py", line 58, in start
    cook = exc_cmd(cmd, 20)
  File "C:\Desktop\djangocode\untitled1\tools.py", line 44, in exc_cmd
    time.sleep(0.2)
KeyboardInterrupt
2018-03-31 12:52:17,254 INFO    : 收集cookie信息
2018-03-31 12:52:17,255 INFO    : 验证cookie信息...
2018-03-31 12:52:24,080 INFO    : 验证cookie信息成功！数据抓取中...
2018-03-31 12:52:24,083 ERROR   : cookie信息不正确
Traceback (most recent call last):
  File "C:\Desktop\djangocode\untitled1\yiche.py", line 133, in main
    start(cookie, History())
  File "C:\Desktop\djangocode\untitled1\yiche.py", line 65, in start
    with open(file_name, 'w') as f:
OSError: [Errno 22] Invalid argument: '易车_2018-03-31 12:52:24.csv'
2018-03-31 12:54:54,998 INFO    : 收集cookie信息
2018-03-31 12:54:54,998 INFO    : 验证cookie信息...
2018-03-31 12:54:59,613 INFO    : 验证cookie信息成功！数据抓取中...
2018-03-31 12:55:00,214 INFO    : 李芳容 13408256128 2018-03-31 11:33
2018-03-31 12:55:00,233 INFO    : 初 15680460050 2018-03-31 11:06
2018-03-31 12:55:00,235 INFO    : 舒 13541610821 2018-03-31 10:20
2018-03-31 12:55:00,237 INFO    : 客户 18382702356 2018-03-31 08:44
2018-03-31 12:55:00,240 INFO    : 张毅 18349211686 2018-03-31 08:05
2018-03-31 12:55:00,241 INFO    : 客户 13818349069 2018-03-31 03:41
2018-03-31 12:55:00,242 INFO    : 王先生 15202889683 2018-03-31 00:04
2018-03-31 12:55:00,243 INFO    : 懈 13882012076 2018-03-30 21:58
2018-03-31 12:55:00,244 INFO    : 文 13568304789 2018-03-30 18:09
2018-03-31 12:55:00,245 INFO    : 唐先生 18908029163 2018-03-30 17:53
2018-03-31 12:55:00,246 INFO    : 吴华敏 18908223121 2018-03-30 17:28
2018-03-31 12:55:00,247 INFO    : 贾 15182386515 2018-03-30 16:45
2018-03-31 12:55:00,248 INFO    : 林 15182386512 2018-03-30 16:37
2018-03-31 12:55:00,249 INFO    : 客户 18608297991 2018-03-30 16:27
2018-03-31 12:55:00,249 INFO    : 杨红芬 15775327539 2018-03-30 16:22
2018-03-31 12:55:03,439 INFO    : 孙国全 13550109879 2018-03-30 16:13
2018-03-31 12:55:03,441 INFO    : 王 13981600016 2018-03-30 15:38
2018-03-31 12:55:03,442 INFO    : 何 18228322231 2018-03-30 13:49
2018-03-31 12:55:03,444 INFO    : 卢 13551304586 2018-03-30 10:22
2018-03-31 12:55:03,445 INFO    : 叶先生 13568866759 2018-03-30 09:50
2018-03-31 12:55:03,447 INFO    : 客户 15984052170 2018-03-30 09:14
2018-03-31 12:55:03,448 INFO    : 杜培华 13908124779 2018-03-30 09:12
2018-03-31 12:55:03,451 INFO    : 江菲 13551551998 2018-03-29 21:47
2018-03-31 12:55:03,452 INFO    : 杨 18502852221 2018-03-29 19:02
2018-03-31 12:55:03,454 INFO    : 赵志磊 15281808138 2018-03-29 18:54
2018-03-31 12:55:03,456 INFO    : 客户 13980913315 2018-03-29 18:31
2018-03-31 12:55:03,458 INFO    : 樊建林 13419221633 2018-03-29 17:05
2018-03-31 12:55:03,460 INFO    : 唐 18381173058 2018-03-29 16:58
2018-03-31 12:55:03,462 INFO    : 喻明 15196592185 2018-03-29 15:26
2018-03-31 12:55:03,464 INFO    : 李豪杰 17313150419 2018-03-29 14:37
2018-03-31 12:55:06,383 INFO    : 客户 13154620862 2018-03-29 14:04
2018-03-31 12:55:06,384 INFO    : 李佳 13881977715 2018-03-29 12:46
2018-03-31 12:55:06,385 INFO    : 邓 18782967582 2018-03-29 12:12
2018-03-31 12:55:06,386 INFO    : 刘 15196628170 2018-03-29 10:50
2018-03-31 12:55:06,386 INFO    : 吴先生 13981867636 2018-03-29 00:21
2018-03-31 12:55:06,387 INFO    : 肖斌 13350947030 2018-03-28 22:18
2018-03-31 12:55:06,388 INFO    : 郭郭 13408490020 2018-03-28 21:32
2018-03-31 12:55:06,389 INFO    : 罗忠军 18980750165 2018-03-28 21:32
2018-03-31 12:55:06,389 INFO    : 张 13568559627 2018-03-28 20:54
2018-03-31 12:55:06,391 INFO    : 王晖 13388173726 2018-03-28 20:54
2018-03-31 12:55:06,392 INFO    : 杨尚 13990723993 2018-03-28 19:42
2018-03-31 12:55:06,393 INFO    : 肖理波 18782287872 2018-03-28 19:38
2018-03-31 12:55:06,394 INFO    : 王哥 13568922516 2018-03-28 19:27
2018-03-31 12:55:06,395 INFO    : 代刚 18190911907 2018-03-28 19:21
2018-03-31 12:55:06,395 INFO    : 王中刚 18200597087 2018-03-28 18:23
2018-03-31 12:55:07,749 INFO    : 客户 18880408223 2018-03-28 16:26
2018-03-31 12:55:07,756 INFO    : 夏晓勇 15309007746 2018-03-28 14:18
2018-03-31 12:55:07,759 INFO    : 杨洪 18584098868 2018-03-28 13:27
2018-03-31 12:55:07,762 INFO    : 冯勇 13679614165 2018-03-28 13:14
2018-03-31 12:55:07,772 INFO    : 唐涛 18482221559 2018-03-28 11:53
2018-03-31 12:55:07,775 INFO    : 毛孝丰 18781150114 2018-03-28 11:15
2018-03-31 12:55:07,780 INFO    : 客户 08302663050 2018-03-28 11:01
2018-03-31 12:55:07,796 INFO    : 客户 15281818587 2018-03-28 10:29
2018-03-31 12:55:07,797 INFO    : 客户 18123353565 2018-03-28 09:37
2018-03-31 12:55:07,809 INFO    : 张 18381466651 2018-03-28 09:36
2018-03-31 12:55:07,830 INFO    : 袁盛智 13072858081 2018-03-28 09:25
2018-03-31 12:55:07,831 INFO    : 王飞 18228678135 2018-03-27 23:45
2018-03-31 12:55:07,832 INFO    : 杨波 13568685858 2018-03-27 23:45
2018-03-31 12:55:07,834 INFO    : 袁绍 18089595029 2018-03-27 22:29
2018-03-31 12:55:07,835 INFO    : 袁绍 18089592059 2018-03-27 22:27
2018-03-31 12:55:09,303 INFO    : 袁琳 15892901815 2018-03-27 22:11
2018-03-31 12:55:09,308 INFO    : 漆娟 15983875739 2018-03-27 21:44
2018-03-31 12:55:09,310 INFO    : 刘新 18080366218 2018-03-27 21:01
2018-03-31 12:55:09,311 INFO    : 胡世双 15756365896 2018-03-27 19:45
2018-03-31 12:55:09,314 INFO    : 夏雨 18180443183 2018-03-27 17:23
2018-03-31 12:55:09,319 INFO    : 程勇 13547858593 2018-03-27 17:00
2018-03-31 12:55:09,320 INFO    : 张礼 13540432675 2018-03-27 15:44
2018-03-31 12:55:09,321 INFO    : 客户 15351358971 2018-03-27 13:55
2018-03-31 12:55:09,322 INFO    : 廖军 13540716107 2018-03-27 13:20
2018-03-31 12:55:09,324 INFO    : 洛绒多吉 13558516886 2018-03-27 11:47
2018-03-31 12:55:09,325 INFO    : 杨 14781415688 2018-03-27 11:29
2018-03-31 12:55:09,326 INFO    : 黄勇 13340965872 2018-03-27 11:22
2018-03-31 12:55:09,330 INFO    : 客户 13881745180 2018-03-27 11:21
2018-03-31 12:55:09,332 INFO    : 客户 18084099345 2018-03-27 11:12
2018-03-31 12:55:09,333 INFO    : 客户 18011563106 2018-03-27 10:54
2018-03-31 12:55:10,605 INFO    : 赵女士 15328052905 2018-03-27 09:47
2018-03-31 12:55:10,620 INFO    : 客户 13882978630 2018-03-27 09:02
2018-03-31 12:55:10,627 INFO    : 张兴友 15397710933 2018-03-27 08:34
2018-03-31 12:55:10,628 INFO    : 周鹏 18111550855 2018-03-27 08:18
2018-03-31 12:55:10,629 INFO    : 李国鹏 18140115969 2018-03-27 07:35
2018-03-31 12:55:10,630 INFO    : 罗新贵 13881700183 2018-03-27 07:06
2018-03-31 12:55:10,631 INFO    : 陈 17780655993 2018-03-27 01:45
2018-03-31 12:55:10,632 INFO    : 刘建文 15883307137 2018-03-27 01:01
2018-03-31 12:55:10,633 INFO    : 彭先生 13608286493 2018-03-27 00:15
2018-03-31 12:55:10,633 INFO    : 秦开富 13028121770 2018-03-26 23:48
2018-03-31 12:55:10,635 INFO    : 陈燕 15892510198 2018-03-26 22:58
2018-03-31 12:55:10,636 INFO    : 徐先生 13881989231 2018-03-26 22:17
2018-03-31 12:55:10,637 INFO    : 刘强 15108237775 2018-03-26 20:55
2018-03-31 12:55:10,638 INFO    : 郑小维 15682171088 2018-03-26 20:51
2018-03-31 12:55:10,638 INFO    : 杨敏 13649012713 2018-03-26 19:06
2018-03-31 12:55:12,046 INFO    : 刘永 13550366089 2018-03-26 18:20
2018-03-31 12:55:12,048 INFO    : 客户 13258269877 2018-03-26 17:08
2018-03-31 12:55:12,049 INFO    : 客户 15902880478 2018-03-26 17:05
2018-03-31 12:55:12,050 INFO    : 吴边 13272782466 2018-03-26 16:52
2018-03-31 12:55:12,051 INFO    : 杨超 13982199462 2018-03-26 16:17
2018-03-31 12:55:12,052 INFO    : 客户 18384112076 2018-03-26 16:10
2018-03-31 12:55:12,053 INFO    : 秦源 13880808897 2018-03-26 15:48
2018-03-31 12:55:12,053 INFO    : 张女士 15198090770 2018-03-26 15:24
2018-03-31 12:55:12,054 INFO    : 白马三国 13402876415 2018-03-26 14:08
2018-03-31 12:55:12,055 INFO    : 王小波 15928272369 2018-03-26 11:39
2018-03-31 12:55:12,056 INFO    : 客户 18384580917 2018-03-26 11:20
2018-03-31 12:55:12,058 INFO    : 客户 18980339621 2018-03-26 10:45
2018-03-31 12:55:12,059 INFO    : 姚力 13698208895 2018-03-26 10:36
2018-03-31 12:55:12,060 INFO    : 客户 02861839359 2018-03-26 09:27
2018-03-31 12:55:12,061 INFO    : 段帮银 17738995136 2018-03-26 09:11
2018-03-31 12:55:13,339 INFO    : 袁泽兵 13388169199 2018-03-26 06:32
2018-03-31 12:55:13,340 INFO    : 谭远志 15828744555 2018-03-26 00:19
2018-03-31 12:55:13,341 INFO    : x 18140101208 2018-03-25 19:14
2018-03-31 12:55:13,342 INFO    : 李海军 13568484789 2018-03-25 17:38
2018-03-31 12:55:13,343 INFO    : 陈秋果 15882787821 2018-03-25 17:19
2018-03-31 12:55:13,344 INFO    : 康钰瑞 13795535782 2018-03-25 16:18
2018-03-31 12:55:13,344 INFO    : 金昌友 18275312507 2018-03-25 15:58
2018-03-31 12:55:13,345 INFO    : 黄周 13320962022 2018-03-25 15:58
2018-03-31 12:55:13,346 INFO    : 宋军 18782519056 2018-03-25 15:57
2018-03-31 12:55:13,347 INFO    : 卢 15388236746 2018-03-25 15:57
2018-03-31 12:55:13,348 INFO    : 客户 18081732638 2018-03-25 14:40
2018-03-31 12:55:13,348 INFO    : 王先生 17311339294 2018-03-25 13:15
2018-03-31 12:55:13,349 INFO    : 邓辉 18582315969 2018-03-25 12:42
2018-03-31 12:55:13,350 INFO    : 吴 15828239057 2018-03-25 12:18
2018-03-31 12:55:13,351 INFO    : 客户 18980998411 2018-03-25 11:59
2018-03-31 12:55:14,665 INFO    : 蔡小菊 13982374981 2018-03-25 11:20
2018-03-31 12:55:14,670 INFO    : 客户 18080401799 2018-03-25 09:55
2018-03-31 12:55:14,672 INFO    : 陈 15884366931 2018-03-25 09:39
2018-03-31 12:55:14,675 INFO    : 客户 17380588119 2018-03-25 08:58
2018-03-31 12:55:14,676 INFO    : 客户 13659016217 2018-03-25 08:53
2018-03-31 12:55:14,677 INFO    : 客户 18011590182 2018-03-25 08:41
2018-03-31 12:55:14,678 INFO    : 罗晓义 13198338666 2018-03-25 08:10
2018-03-31 12:55:14,679 INFO    : 刘师傅 13619093368 2018-03-25 01:07
2018-03-31 12:55:14,680 INFO    : 吕敏 18980769945 2018-03-25 00:11
2018-03-31 12:55:14,681 INFO    : 钟波 15308211727 2018-03-24 23:01
2018-03-31 12:55:14,682 INFO    : 李兵 13518380678 2018-03-24 22:56
2018-03-31 12:55:14,683 INFO    : 罗 18628833223 2018-03-24 21:23
2018-03-31 12:55:14,684 INFO    : 黄 15984527766 2018-03-24 21:22
2018-03-31 12:55:14,685 INFO    : 老万 17778399685 2018-03-24 21:06
2018-03-31 12:55:14,686 INFO    : 杨琴 18224249714 2018-03-24 20:37
2018-03-31 12:55:15,988 INFO    : 刘军良 15388199601 2018-03-24 20:30
2018-03-31 12:55:15,989 INFO    : 波啵玻脖勃 18111561949 2018-03-24 19:36
2018-03-31 12:55:15,990 INFO    : 何云富 13541628887 2018-03-24 18:59
2018-03-31 12:55:15,991 INFO    : 朱山 15982814437 2018-03-24 18:11
2018-03-31 12:55:15,994 INFO    : 任雪妮 15608222246 2018-03-24 17:45
2018-03-31 12:55:15,995 INFO    : 客户 13408678915 2018-03-24 16:42
2018-03-31 12:55:15,996 INFO    : 曾强 13568589751 2018-03-24 16:11
2018-03-31 12:55:15,997 INFO    : 王华 15828340629 2018-03-24 15:51
2018-03-31 12:55:15,998 INFO    : 客户 18085778657 2018-03-24 14:45
2018-03-31 12:55:15,999 INFO    : 刘兴奎 13980898500 2018-03-24 12:53
2018-03-31 12:55:16,000 INFO    : 谢先生 13378124015 2018-03-24 10:48
2018-03-31 12:55:16,006 INFO    : 客户 15983497611 2018-03-24 10:47
2018-03-31 12:55:16,008 INFO    : 客户 18227163675 2018-03-24 10:41
2018-03-31 12:55:16,010 INFO    : 陈永刚 13388339792 2018-03-23 20:39
2018-03-31 12:55:16,012 INFO    : 魏勇 15828379712 2018-03-23 20:35
2018-03-31 12:55:17,356 INFO    : 徐凯 13408571262 2018-03-23 19:30
2018-03-31 12:55:17,357 INFO    : 禹云才 13990977874 2018-03-23 18:30
2018-03-31 12:55:17,359 INFO    : 伏强 15680094455 2018-03-23 18:04
2018-03-31 12:55:17,360 INFO    : 你先生 18048910584 2018-03-23 15:44
2018-03-31 12:55:17,362 INFO    : 曹星星 15902841993 2018-03-23 15:10
2018-03-31 12:55:17,364 INFO    : 客户 037155309969 2018-03-23 14:41
2018-03-31 12:55:17,365 INFO    : 客户 02862153336 2018-03-23 13:54
2018-03-31 12:55:17,367 INFO    : 陈开勇 15881795875 2018-03-23 13:35
2018-03-31 12:55:17,369 INFO    : 客户 15828692951 2018-03-23 13:21
2018-03-31 12:55:17,370 INFO    : 张克勤 13982069106 2018-03-23 13:00
2018-03-31 12:55:17,371 INFO    : 客户 13678179556 2018-03-23 11:33
2018-03-31 12:55:17,371 INFO    : 徐 13698227098 2018-03-23 10:22
2018-03-31 12:55:17,372 INFO    : 段小斌 13541169318 2018-03-23 09:54
2018-03-31 12:55:17,373 INFO    : 客户 08353220003 2018-03-23 09:10
2018-03-31 12:55:17,374 INFO    : 李 13398318983 2018-03-23 06:53
2018-03-31 12:55:18,905 INFO    : 铁子瑞 16602806090 2018-03-23 00:21
2018-03-31 12:55:18,906 INFO    : 行者贲某人 13629033892 2018-03-22 23:36
2018-03-31 12:55:18,906 INFO    : 严娟 18398040381 2018-03-22 23:32
2018-03-31 12:55:18,907 INFO    : 杨杰 13880641700 2018-03-22 22:34
2018-03-31 12:55:18,908 INFO    : 金先生 18683710000 2018-03-22 21:49
2018-03-31 12:55:18,909 INFO    : 龙哥 13438487725 2018-03-22 21:08
2018-03-31 12:55:18,910 INFO    : 李二 18190750788 2018-03-22 19:34
2018-03-31 12:55:18,911 INFO    : 王万红 15309069300 2018-03-22 19:13
2018-03-31 12:55:18,912 INFO    : 贺 17743251923 2018-03-22 19:10
2018-03-31 12:55:18,913 INFO    : 李 17508243913 2018-03-22 19:07
2018-03-31 12:55:18,914 INFO    : 向燕霞 18781398304 2018-03-22 18:47
2018-03-31 12:55:18,914 INFO    : 寻低价 15123333886 2018-03-22 18:34
2018-03-31 12:55:18,915 INFO    : 许鹏 18190799628 2018-03-22 18:33
2018-03-31 12:55:18,916 INFO    : 黄强 13060044880 2018-03-22 18:30
2018-03-31 12:55:18,917 INFO    : 方永红 13980028569 2018-03-22 16:35
2018-03-31 12:55:20,387 INFO    : 客户 08748976411 2018-03-22 15:44
2018-03-31 12:55:20,401 INFO    : 客户 18990825807 2018-03-22 13:54
2018-03-31 12:55:20,403 INFO    : 朱周印 18302854526 2018-03-22 13:30
2018-03-31 12:55:20,421 INFO    : 邱小洪 18161269216 2018-03-22 13:29
2018-03-31 12:55:20,422 INFO    : 客户 15282312800 2018-03-22 11:49
2018-03-31 12:55:20,423 INFO    : 客户 18284821012 2018-03-22 11:24
2018-03-31 12:55:20,424 INFO    : 李海霞 13795764053 2018-03-22 10:46
2018-03-31 12:55:20,427 INFO    : 郎先生 13281157602 2018-03-22 10:27
2018-03-31 12:55:20,439 INFO    : 孙卓媛 15982185837 2018-03-22 10:03
2018-03-31 12:55:20,451 INFO    : 客户 13880622507 2018-03-22 09:34
2018-03-31 12:55:20,452 INFO    : 随风逐流 13408563230 2018-03-22 08:56
2018-03-31 12:55:20,454 INFO    : 华华 16602836598 2018-03-22 08:27
2018-03-31 12:55:20,454 INFO    : 李天良 13320982807 2018-03-21 22:57
2018-03-31 12:55:20,455 INFO    : 他颇具 13330656625 2018-03-21 22:46
2018-03-31 12:55:20,456 INFO    : 冯 17781488826 2018-03-21 22:45
2018-03-31 12:55:21,831 INFO    : 彭伟 17771806263 2018-03-21 22:24
2018-03-31 12:55:21,832 INFO    : 朱先生 18080486518 2018-03-21 17:44
2018-03-31 12:55:21,833 INFO    : 董代君 18349287355 2018-03-21 16:13
2018-03-31 12:55:21,834 INFO    : 客户 13678012122 2018-03-21 14:29
2018-03-31 12:55:21,834 INFO    : 黎天喜 18282737755 2018-03-21 13:37
2018-03-31 12:55:21,834 INFO    : 刘超 18227757805 2018-03-21 13:04
2018-03-31 12:55:21,835 INFO    : 客户 18782748666 2018-03-21 11:51
2018-03-31 12:55:21,835 INFO    : 客户 13608162150 2018-03-21 11:00
2018-03-31 12:55:21,836 INFO    : 先生 18482202099 2018-03-21 10:19
2018-03-31 12:55:21,837 INFO    : 客户 13880832356 2018-03-21 10:17
2018-03-31 12:55:21,837 INFO    : 罗伦 15828188137 2018-03-21 08:44
2018-03-31 12:55:21,838 INFO    : 闫小平 18382163968 2018-03-21 00:41
2018-03-31 12:55:21,839 INFO    : 小羊 13558979635 2018-03-20 22:40
2018-03-31 12:55:21,839 INFO    : 李刚 19982946080 2018-03-20 21:06
2018-03-31 12:55:21,841 INFO    : 蒲开平 18109036681 2018-03-20 20:59
2018-03-31 12:55:23,258 INFO    : 客户 13308188789 2018-03-20 19:12
2018-03-31 12:55:23,259 INFO    : 客户 15828428440 2018-03-20 18:47
2018-03-31 12:55:23,260 INFO    : 客户 15328993653 2018-03-20 17:18
2018-03-31 12:55:23,262 INFO    : 李娜 18080791060 2018-03-20 16:47
2018-03-31 12:55:23,264 INFO    : 罗 13688041558 2018-03-20 16:12
2018-03-31 12:55:23,264 INFO    : 果果 13730755550 2018-03-20 14:08
2018-03-31 12:55:23,265 INFO    : 黄平 13880345840 2018-03-20 13:31
2018-03-31 12:55:23,266 INFO    : 客户 18046792950 2018-03-20 13:27
2018-03-31 12:55:23,268 INFO    : 杨方勇 13618180959 2018-03-20 13:10
2018-03-31 12:55:23,269 INFO    : 王清玉 15982428727 2018-03-20 12:31
2018-03-31 12:55:23,270 INFO    : 邓树林 18208369489 2018-03-20 11:12
2018-03-31 12:55:23,271 INFO    : 李 15208390210 2018-03-20 10:58
2018-03-31 12:55:23,272 INFO    : 客户 18708252430 2018-03-20 09:54
2018-03-31 12:55:23,273 INFO    : 陶宏 13708180866 2018-03-20 09:35
2018-03-31 12:55:23,274 INFO    : 客户 08252330851 2018-03-20 09:25
2018-03-31 12:55:24,599 INFO    : 万贵发 15982683735 2018-03-20 09:23
2018-03-31 12:55:24,601 INFO    : 客户 18161497088 2018-03-20 08:51
2018-03-31 12:55:24,602 INFO    : 魏明 18383368093 2018-03-20 07:42
2018-03-31 12:55:24,603 INFO    : 李傲 13388345321 2018-03-20 07:23
2018-03-31 12:55:24,607 INFO    : 曾江文 18380763322 2018-03-20 07:19
2018-03-31 12:55:24,608 INFO    : 范 15283525434 2018-03-20 00:06
2018-03-31 12:55:24,609 INFO    : 马 18981646476 2018-03-19 23:15
2018-03-31 12:55:24,610 INFO    : 杨明 15882291951 2018-03-19 20:44
2018-03-31 12:55:24,611 INFO    : 张 18980411667 2018-03-19 20:03
2018-03-31 12:55:24,612 INFO    : 王中羽 13281117381 2018-03-19 19:16
2018-03-31 12:55:24,612 INFO    : 石敏 15882506222 2018-03-19 18:57
2018-03-31 12:55:24,613 INFO    : 客户 13982344149 2018-03-19 17:08
2018-03-31 12:55:24,614 INFO    : 廖宏 13808095748 2018-03-19 14:39
2018-03-31 12:55:24,615 INFO    : 刘先生 18140132628 2018-03-19 13:12
2018-03-31 12:55:24,615 INFO    : 潘涛 13688357874 2018-03-19 12:02
2018-03-31 12:55:26,191 INFO    : 何清华 18989276932 2018-03-19 10:03
2018-03-31 12:55:26,192 INFO    : 陈加应 13734918378 2018-03-19 09:45
2018-03-31 12:55:26,194 INFO    : 董军 13551099066 2018-03-19 08:57
2018-03-31 12:55:26,195 INFO    : 凌征权 18081391797 2018-03-19 08:40
2018-03-31 12:55:26,196 INFO    : 韩 13228238819 2018-03-19 08:25
2018-03-31 12:55:26,196 INFO    : 金色流沙 13882213394 2018-03-19 07:26
2018-03-31 12:55:26,197 INFO    : 陈文柱 18081152335 2018-03-18 22:24
2018-03-31 12:55:26,198 INFO    : 耿 13688480959 2018-03-18 20:49
2018-03-31 12:55:26,199 INFO    : 客户 17380325840 2018-03-18 14:53
2018-03-31 12:55:26,200 INFO    : 客户 18623081517 2018-03-18 12:51
2018-03-31 12:55:26,200 INFO    : 陈义星 15928796848 2018-03-18 09:38
2018-03-31 12:55:26,201 INFO    : 徐建军 15228987836 2018-03-18 08:40
2018-03-31 12:55:26,202 INFO    : 王女士 15184343150 2018-03-18 08:34
2018-03-31 12:55:26,203 INFO    : 李静 13688123922 2018-03-17 21:40
2018-03-31 12:55:26,203 INFO    : 龚新宇 13488997887 2018-03-17 21:24
2018-03-31 12:55:27,593 INFO    : 姜成强 13698340925 2018-03-17 20:40
2018-03-31 12:55:27,594 INFO    : 曹光明 13982052321 2018-03-17 20:21
2018-03-31 12:55:27,596 INFO    : 樊先生 18328061282 2018-03-17 20:03
2018-03-31 12:55:27,598 INFO    : 刘 18030808305 2018-03-17 19:56
2018-03-31 12:55:27,600 INFO    : 小马哥 18882373387 2018-03-17 19:43
2018-03-31 12:55:27,601 INFO    : 甘宁 13551229884 2018-03-17 19:21
2018-03-31 12:55:27,603 INFO    : 常睿 15008234613 2018-03-17 18:34
2018-03-31 12:55:27,605 INFO    : 客户 18382759806 2018-03-17 18:07
2018-03-31 12:55:27,606 INFO    : 陈莉 15114059929 2018-03-17 17:37
2018-03-31 12:55:27,609 INFO    : 张静叶 13990380805 2018-03-17 16:01
2018-03-31 12:55:27,611 INFO    : 客户 17746380808 2018-03-17 13:29
2018-03-31 12:55:27,617 INFO    : 客户 15808420217 2018-03-17 13:19
2018-03-31 12:55:27,619 INFO    : 翊妹 18113055844 2018-03-17 09:51
2018-03-31 12:55:27,621 INFO    : 客户 17502841492 2018-03-17 09:25
2018-03-31 12:55:27,622 INFO    : 客户 13980621998 2018-03-17 09:24
2018-03-31 12:55:29,048 INFO    : 刘畅 17311212737 2018-03-17 09:24
2018-03-31 12:55:29,049 INFO    : 朱勇 17502852301 2018-03-17 09:03
2018-03-31 12:55:29,051 INFO    : 李先生 13882532250 2018-03-17 06:24
2018-03-31 12:55:29,052 INFO    : 缘语 17502837660 2018-03-16 23:42
2018-03-31 12:55:29,054 INFO    : 哈哈 15908477208 2018-03-16 23:36
2018-03-31 12:55:29,060 INFO    : 张帅 15982027817 2018-03-16 20:52
2018-03-31 12:55:29,062 INFO    : 客户 13658040541 2018-03-16 17:28
2018-03-31 12:55:29,063 INFO    : 客户 18682698660 2018-03-16 16:06
2018-03-31 12:55:29,064 INFO    : 王先生 13540782668 2018-03-16 16:04
2018-03-31 12:55:29,065 INFO    : 李靖 18280128533 2018-03-16 15:05
2018-03-31 12:55:29,067 INFO    : 客户 18228006857 2018-03-16 14:58
2018-03-31 12:55:29,069 INFO    : 周 13778610587 2018-03-16 12:32
2018-03-31 12:55:29,070 INFO    : 吴飞 18580577082 2018-03-16 11:51
2018-03-31 12:55:29,072 INFO    : 客户 13547722000 2018-03-16 11:48
2018-03-31 12:55:29,073 INFO    : 客户 13980849663 2018-03-16 10:38
2018-03-31 12:55:30,479 INFO    : 姚中环 13808066972 2018-03-16 09:54
2018-03-31 12:55:30,480 INFO    : 陈光全 13883121212 2018-03-16 09:00
2018-03-31 12:55:30,481 INFO    : 倪开泽 18308270601 2018-03-16 09:00
2018-03-31 12:55:30,481 INFO    : 陈 13882398869 2018-03-16 08:31
2018-03-31 12:55:30,482 INFO    : 黄先坐 13198187280 2018-03-16 08:19
2018-03-31 12:55:30,482 INFO    : 唐先生 18608251047 2018-03-16 07:32
2018-03-31 12:55:30,483 INFO    : 张明 13568898382 2018-03-15 23:38
2018-03-31 12:55:30,483 INFO    : 李全忠 18113847789 2018-03-15 22:36
2018-03-31 12:55:30,484 INFO    : 汪海 15281471892 2018-03-15 22:15
2018-03-31 12:55:30,484 INFO    : 谢坤 17381895526 2018-03-15 21:32
2018-03-31 12:55:30,485 INFO    : 余江 13982036277 2018-03-15 21:09
2018-03-31 12:55:30,485 INFO    : 杨先生 15775699897 2018-03-15 18:51
2018-03-31 12:55:30,486 INFO    : 张莉 18202871313 2018-03-15 18:32
2018-03-31 12:55:30,487 INFO    : 客户 18200007878 2018-03-15 16:37
2018-03-31 12:55:30,487 INFO    : 覃言 13666140703 2018-03-15 15:50
2018-03-31 12:55:31,972 INFO    : 姜荣 13990007786 2018-03-15 15:34
2018-03-31 12:55:31,974 INFO    : 客户 13679042029 2018-03-15 13:29
2018-03-31 12:55:31,976 INFO    : 陈 15198114101 2018-03-15 13:19
2018-03-31 12:55:31,979 INFO    : 田波 13880359415 2018-03-15 10:22
2018-03-31 12:55:31,981 INFO    : 刘先生 18280461167 2018-03-15 09:33
2018-03-31 12:55:31,982 INFO    : 客户 18080022011 2018-03-15 09:06
2018-03-31 12:55:31,983 INFO    : 尹志红 18981727919 2018-03-14 23:51
2018-03-31 12:55:31,984 INFO    : 南女士 13981581606 2018-03-14 23:48
2018-03-31 12:55:31,985 INFO    : 张 18523629365 2018-03-14 23:03
2018-03-31 12:55:31,986 INFO    : 李军 15885505599 2018-03-14 23:03
2018-03-31 12:55:31,987 INFO    : 王燕 18084304549 2018-03-14 23:03
2018-03-31 12:55:31,988 INFO    : 曾先生 18308135616 2018-03-14 23:03
2018-03-31 12:55:31,993 INFO    : 刘勇 18008232233 2018-03-14 23:03
2018-03-31 12:55:31,994 INFO    : 王西峰 13880989716 2018-03-14 23:03
2018-03-31 12:55:31,997 INFO    : 杨晓莉 18784421295 2018-03-14 23:03
2018-03-31 12:55:33,440 INFO    : 方定华 13666133439 2018-03-14 22:48
2018-03-31 12:55:33,441 INFO    : 杨钊 15760068351 2018-03-14 22:22
2018-03-31 12:55:33,442 INFO    : 胡陵江 18881924169 2018-03-14 22:21
2018-03-31 12:55:33,442 INFO    : 飞哥 18981558504 2018-03-14 22:21
2018-03-31 12:55:33,443 INFO    : 王 18982011448 2018-03-14 22:21
2018-03-31 12:55:33,444 INFO    : 赖道发 18048597289 2018-03-14 22:00
2018-03-31 12:55:33,445 INFO    : 张先生 15181168020 2018-03-14 18:55
2018-03-31 12:55:33,445 INFO    : 王二爷 18113569954 2018-03-14 18:43
2018-03-31 12:55:33,446 INFO    : 王中刚 18980023316 2018-03-14 12:44
2018-03-31 12:55:33,447 INFO    : 杨 18281171363 2018-03-14 12:32
2018-03-31 12:55:33,447 INFO    : 客户 17883676606 2018-03-14 12:06
2018-03-31 12:55:33,448 INFO    : 廖先生 15982932781 2018-03-14 11:56
2018-03-31 12:55:33,449 INFO    : 客户 18108290590 2018-03-14 10:39
2018-03-31 12:55:33,450 INFO    : 客户 18982291648 2018-03-14 10:06
2018-03-31 12:55:33,450 INFO    : 客户 13541388496 2018-03-14 09:26
2018-03-31 12:55:34,883 INFO    : 颜 15982009931 2018-03-14 08:46
2018-03-31 12:55:34,885 INFO    : 陈亚西 13885317534 2018-03-14 00:03
2018-03-31 12:55:34,888 INFO    : 何杰 18982340788 2018-03-14 00:02
2018-03-31 12:55:34,890 INFO    : 李彩红 13092869261 2018-03-14 00:02
2018-03-31 12:55:34,891 INFO    : 李维强 13982082681 2018-03-13 22:42
2018-03-31 12:55:34,892 INFO    : 龚永玖 13688474826 2018-03-13 19:13
2018-03-31 12:55:34,896 INFO    : 客户 18937107163 2018-03-13 15:35
2018-03-31 12:55:34,897 INFO    : 王菊菊 18190709638 2018-03-13 15:06
2018-03-31 12:55:34,898 INFO    : 张女士 18181656701 2018-03-13 13:26
2018-03-31 12:55:34,898 INFO    : 李 15982898576 2018-03-13 13:25
2018-03-31 12:55:34,899 INFO    : 客户 13730820088 2018-03-13 13:24
2018-03-31 12:55:34,900 INFO    : 李 13378296970 2018-03-13 11:32
2018-03-31 12:55:34,901 INFO    : 曹世锡 13980383333 2018-03-13 10:36
2018-03-31 12:55:34,902 INFO    : 客户 18180222937 2018-03-13 10:16
2018-03-31 12:55:34,903 INFO    : 客户 13881395252 2018-03-13 10:11
2018-03-31 12:55:36,329 INFO    : 客户 13880961233 2018-03-13 09:23
2018-03-31 12:55:36,330 INFO    : 客户 13551808405 2018-03-13 08:40
2018-03-31 12:55:36,333 INFO    : 赵权 15085083366 2018-03-13 07:34
2018-03-31 12:55:36,334 INFO    : 章安静 13881456909 2018-03-13 07:19
2018-03-31 12:55:36,335 INFO    : 汪健 18142580513 2018-03-13 02:59
2018-03-31 12:55:36,336 INFO    : 廖长春 13183512192 2018-03-12 22:35
2018-03-31 12:55:36,337 INFO    : 邓裴 13982072008 2018-03-12 22:30
2018-03-31 12:55:36,338 INFO    : 曹世锡 18080537666 2018-03-12 22:09
2018-03-31 12:55:36,338 INFO    : 余 13540278507 2018-03-12 21:50
2018-03-31 12:55:36,339 INFO    : 谭林 13981969102 2018-03-12 20:49
2018-03-31 12:55:36,340 INFO    : 甘露 13558803495 2018-03-12 20:48
2018-03-31 12:55:36,341 INFO    : 白世凯 13881794097 2018-03-12 16:48
2018-03-31 12:55:36,341 INFO    : 客户 13699458017 2018-03-12 16:45
2018-03-31 12:55:36,343 INFO    : 段平 15928957558 2018-03-12 14:36
2018-03-31 12:55:36,344 INFO    : 陈志 13540694040 2018-03-12 13:57
2018-03-31 12:55:37,800 INFO    : 张姐 13540116077 2018-03-12 13:44
2018-03-31 12:55:37,801 INFO    : 甘 15328493856 2018-03-12 12:24
2018-03-31 12:55:37,801 INFO    : 李平 13540336761 2018-03-12 11:49
2018-03-31 12:55:37,802 INFO    : 客户 18629658272 2018-03-12 10:22
2018-03-31 12:55:37,802 INFO    : 刘佳 13308143896 2018-03-12 08:54
2018-03-31 12:55:37,803 INFO    : 罗许 18982379352 2018-03-11 22:16
2018-03-31 12:55:37,804 INFO    : 客户 18980631323 2018-03-11 17:22
2018-03-31 12:55:37,805 INFO    : 客户 18683712316 2018-03-11 15:48
2018-03-31 12:55:37,805 INFO    : 谢天佑 18982198001 2018-03-11 14:21
2018-03-31 12:55:37,806 INFO    : 客户 13550329938 2018-03-11 13:58
2018-03-31 12:55:37,810 INFO    : 杨波 13658005255 2018-03-11 13:00
2018-03-31 12:55:37,811 INFO    : 王均 17711566976 2018-03-11 08:08
2018-03-31 12:55:37,812 INFO    : 贾烨 15085628533 2018-03-11 06:21
2018-03-31 12:55:37,813 INFO    : 王静 13309070706 2018-03-11 06:20
2018-03-31 12:55:37,814 INFO    : 郭壮 18398960562 2018-03-11 01:39
2018-03-31 12:55:39,328 INFO    : 客户 13666102695 2018-03-10 18:36
2018-03-31 12:55:39,329 INFO    : 周波 18481157889 2018-03-10 18:33
2018-03-31 12:55:39,331 INFO    : 张思文 13540373431 2018-03-10 17:31
2018-03-31 12:55:39,332 INFO    : 客户 17313299153 2018-03-10 17:07
2018-03-31 12:55:39,333 INFO    : 客户 13550379676 2018-03-10 16:50
2018-03-31 12:55:39,335 INFO    : 客户 15638766873 2018-03-10 15:49
2018-03-31 12:55:39,336 INFO    : 唐海燕 13881423451 2018-03-10 15:38
2018-03-31 12:55:39,338 INFO    : 客户 18980834092 2018-03-10 14:38
2018-03-31 12:55:39,339 INFO    : 王世瑜 18048592532 2018-03-10 13:25
2018-03-31 12:55:39,341 INFO    : 客户 02888775869 2018-03-10 13:12
2018-03-31 12:55:39,342 INFO    : 客户 18080955823 2018-03-10 09:41
2018-03-31 12:55:39,344 INFO    : 王世 13618056380 2018-03-10 07:48
2018-03-31 12:55:39,347 INFO    : 杨家玉 15198147309 2018-03-10 07:27
2018-03-31 12:55:39,348 INFO    : 杨小平 13372693276 2018-03-10 07:22
2018-03-31 12:55:39,350 INFO    : 李亮 15775998171 2018-03-10 07:22
2018-03-31 12:55:40,768 INFO    : 陈 13890349242 2018-03-10 00:48
2018-03-31 12:55:40,769 INFO    : 吴永 15882685466 2018-03-09 22:55
2018-03-31 12:55:40,770 INFO    : 白 13388341688 2018-03-09 21:41
2018-03-31 12:55:40,770 INFO    : 易国产 15884708776 2018-03-09 21:09
2018-03-31 12:55:40,771 INFO    : 唐 13795823275 2018-03-09 21:03
2018-03-31 12:55:40,772 INFO    : 淌一路白骨 13308172896 2018-03-09 19:58
2018-03-31 12:55:40,773 INFO    : 周伟光 13668172519 2018-03-09 19:18
2018-03-31 12:55:40,774 INFO    : 客户 15883673775 2018-03-09 18:30
2018-03-31 12:55:40,775 INFO    : 客户 18911233232 2018-03-09 16:40
2018-03-31 12:55:40,777 INFO    : 朱 15775726335 2018-03-09 16:35
2018-03-31 12:55:40,778 INFO    : 唐兵 13281276996 2018-03-09 15:11
2018-03-31 12:55:40,779 INFO    : 岳云全 15984657436 2018-03-09 15:08
2018-03-31 12:55:40,781 INFO    : 刘波 15348164958 2018-03-09 14:09
2018-03-31 12:55:40,782 INFO    : 蒋敏 13629080391 2018-03-09 14:06
2018-03-31 12:55:40,784 INFO    : 孙继 13688130483 2018-03-09 13:17
2018-03-31 12:55:42,278 INFO    : 客户 07223339528 2018-03-09 13:07
2018-03-31 12:55:42,280 INFO    : 客户 15653408140 2018-03-09 11:03
2018-03-31 12:55:42,281 INFO    : 客户 13981659065 2018-03-09 08:50
2018-03-31 12:55:42,282 INFO    : 周春良 15828866404 2018-03-09 02:21
2018-03-31 12:55:42,283 INFO    : 仁千志玛 18144347311 2018-03-08 23:04
2018-03-31 12:55:42,284 INFO    : 苏 13982241699 2018-03-08 22:47
2018-03-31 12:55:42,285 INFO    : 李先生 13096099648 2018-03-08 21:22
2018-03-31 12:55:42,286 INFO    : 廖先生 13508209491 2018-03-08 19:33
2018-03-31 12:55:42,287 INFO    : 客户 13881968657 2018-03-08 17:04
2018-03-31 12:55:42,288 INFO    : 客户 18428387812 2018-03-08 15:54
2018-03-31 12:55:42,289 INFO    : 客户 13666251758 2018-03-08 15:21
2018-03-31 12:55:42,290 INFO    : 客户 18008044190 2018-03-08 14:46
2018-03-31 12:55:42,292 INFO    : 郑旭 13980886669 2018-03-08 13:54
2018-03-31 12:55:42,293 INFO    : 客户 13086654878 2018-03-08 13:15
2018-03-31 12:55:42,295 INFO    : 客户 18384275897 2018-03-08 12:50
2018-03-31 12:55:43,771 INFO    : 刘根祥 18111702786 2018-03-08 12:24
2018-03-31 12:55:43,797 INFO    : 简单 13438915755 2018-03-08 12:12
2018-03-31 12:55:43,802 INFO    : 沈波 13438025136 2018-03-08 11:20
2018-03-31 12:55:43,804 INFO    : 客户 18581955069 2018-03-08 10:32
2018-03-31 12:55:43,806 INFO    : 林小玉 13880962144 2018-03-08 10:05
2018-03-31 12:55:43,807 INFO    : 陈友荣 13882394607 2018-03-08 10:05
2018-03-31 12:55:43,809 INFO    : 古先生 18996863346 2018-03-08 10:05
2018-03-31 12:55:43,814 INFO    : 罗锐 13568774184 2018-03-08 01:08
2018-03-31 12:55:43,816 INFO    : 余轩刚 13882425852 2018-03-08 01:02
2018-03-31 12:55:43,822 INFO    : 周先生 18780120434 2018-03-07 22:04
2018-03-31 12:55:43,827 INFO    : 魏先红 18880455259 2018-03-07 22:02
2018-03-31 12:55:43,831 INFO    : 肖建平 18227694879 2018-03-07 20:48
2018-03-31 12:55:43,832 INFO    : 蔡伟 15884463488 2018-03-07 20:47
2018-03-31 12:55:43,835 INFO    : 刘华贵 18111432836 2018-03-07 20:24
2018-03-31 12:55:43,836 INFO    : 郭女士 15351241151 2018-03-07 20:00
2018-03-31 12:55:45,345 INFO    : 客户 13881894622 2018-03-07 18:58
2018-03-31 12:55:45,358 INFO    : 李师傅 17781301593 2018-03-07 16:39
2018-03-31 12:55:45,361 INFO    : 客户 07174950192 2018-03-07 14:55
2018-03-31 12:55:45,366 INFO    : 好宝气 13708008687 2018-03-07 14:18
2018-03-31 12:55:45,373 INFO    : 童祥成 14780868118 2018-03-07 13:43
2018-03-31 12:55:45,388 INFO    : 殷先生 13518119818 2018-03-07 11:58
2018-03-31 12:55:45,399 INFO    : 丁小敏 15808362998 2018-03-07 11:50
2018-03-31 12:55:45,413 INFO    : 芳仔 13890992511 2018-03-07 10:54
2018-03-31 12:55:45,415 INFO    : 客户 15202839231 2018-03-07 10:52
2018-03-31 12:55:45,417 INFO    : 陈瑶 15308111770 2018-03-07 10:06
2018-03-31 12:55:45,418 INFO    : 何先生 18113718919 2018-03-07 09:38
2018-03-31 12:55:45,419 INFO    : 卿先生 15308389610 2018-03-07 09:32
2018-03-31 12:55:45,420 INFO    : 张容能 15328722938 2018-03-07 09:10
2018-03-31 12:55:45,423 INFO    : 冯先生 13880863861 2018-03-07 08:13
2018-03-31 12:55:45,425 INFO    : 梁峰 13408117334 2018-03-07 08:12
2018-03-31 12:55:46,884 INFO    : 唐秀飞 13568187415 2018-03-07 07:47
2018-03-31 12:55:46,886 INFO    : 唐蓉 18780590518 2018-03-07 07:47
2018-03-31 12:55:46,887 INFO    : 客户 13693429980 2018-03-07 06:28
2018-03-31 12:55:46,888 INFO    : 汤勇 13060007762 2018-03-07 03:13
2018-03-31 12:55:46,889 INFO    : 王正 13668213126 2018-03-07 01:26
2018-03-31 12:55:46,891 INFO    : 单俊凯 15882266765 2018-03-07 01:17
2018-03-31 12:55:46,891 INFO    : 张哥 15902804165 2018-03-06 23:45
2018-03-31 12:55:46,893 INFO    : 庞波 17748066831 2018-03-06 23:04
2018-03-31 12:55:46,894 INFO    : 杨旋 18908183642 2018-03-06 22:47
2018-03-31 12:55:46,899 INFO    : 杨洲 13909079309 2018-03-06 22:26
2018-03-31 12:55:46,900 INFO    : 胥女士 18980717787 2018-03-06 21:46
2018-03-31 12:55:46,901 INFO    : 张先生 13708240741 2018-03-06 20:30
2018-03-31 12:55:46,902 INFO    : 罗 13541258688 2018-03-06 20:08
2018-03-31 12:55:46,903 INFO    : 张先生 13795882381 2018-03-06 19:13
2018-03-31 12:55:46,904 INFO    : 段明晏 18980883565 2018-03-06 18:05
2018-03-31 12:55:48,556 INFO    : 客户 18909099194 2018-03-06 17:20
2018-03-31 12:55:48,568 INFO    : 雷树山 13880543181 2018-03-06 17:05
2018-03-31 12:55:48,569 INFO    : 陈明军 13778996619 2018-03-06 16:37
2018-03-31 12:55:48,572 INFO    : 客户 15315886439 2018-03-06 16:24
2018-03-31 12:55:48,576 INFO    : 黄亚利 18382369291 2018-03-06 16:15
2018-03-31 12:55:48,585 INFO    : 客户 15208319350 2018-03-06 15:22
2018-03-31 12:55:48,590 INFO    : 客户 15998791788 2018-03-06 14:57
2018-03-31 12:55:48,592 INFO    : 王晨 18481230985 2018-03-06 13:17
2018-03-31 12:55:48,593 INFO    : 客户 17765381895 2018-03-06 13:00
2018-03-31 12:55:48,598 INFO    : 李先生 17318678014 2018-03-06 11:32
2018-03-31 12:55:48,600 INFO    : 客户 18215570566 2018-03-06 11:25
2018-03-31 12:55:48,601 INFO    : 杨壹 18780163340 2018-03-06 10:41
2018-03-31 12:55:48,602 INFO    : 甘同 17673107462 2018-03-06 10:36
2018-03-31 12:55:48,603 INFO    : 王仕伦 17781000065 2018-03-06 10:34
2018-03-31 12:55:48,604 INFO    : 客户 18081025944 2018-03-06 10:10
2018-03-31 12:55:50,231 INFO    : 客户 18381922666 2018-03-06 07:56
2018-03-31 12:55:50,233 INFO    : 老曾 13882334205 2018-03-06 07:55
2018-03-31 12:55:50,235 INFO    : 张琴秀 13739494900 2018-03-05 21:24
2018-03-31 12:55:50,236 INFO    : 张光祥 18080332262 2018-03-05 21:24
2018-03-31 12:55:50,239 INFO    : 王女士 13688427701 2018-03-05 20:31
2018-03-31 12:55:50,240 INFO    : 跃 13880942588 2018-03-05 19:10
2018-03-31 12:55:50,242 INFO    : 尚贤柳 18283753432 2018-03-05 17:46
2018-03-31 12:55:50,244 INFO    : 蔡亮 18215553345 2018-03-05 17:13
2018-03-31 12:55:50,246 INFO    : 客户 18092127367 2018-03-05 15:57
2018-03-31 12:55:50,248 INFO    : 唐女士 15883839204 2018-03-05 15:00
2018-03-31 12:55:50,249 INFO    : 客户 051250121915 2018-03-05 14:08
2018-03-31 12:55:50,250 INFO    : 客户 13688318800 2018-03-05 13:08
2018-03-31 12:55:50,251 INFO    : 游先生 13548137875 2018-03-05 12:51
2018-03-31 12:55:50,252 INFO    : 刘继红 18981152665 2018-03-05 12:37
2018-03-31 12:55:50,253 INFO    : 文峰 18908084303 2018-03-05 11:26
2018-03-31 12:55:51,974 INFO    : 陈 15282482910 2018-03-05 10:31
2018-03-31 12:55:51,976 INFO    : 郑权 13350189530 2018-03-05 08:58
2018-03-31 12:55:51,978 INFO    : 张伟 18334070369 2018-03-05 07:43
2018-03-31 12:55:51,979 INFO    : 刘波 18275166754 2018-03-05 07:43
2018-03-31 12:55:51,981 INFO    : 朱晓莎 13518218445 2018-03-05 07:04
2018-03-31 12:55:51,982 INFO    : 王 18080043685 2018-03-05 03:21
2018-03-31 12:55:51,984 INFO    : 廖 15892338870 2018-03-04 23:20
2018-03-31 12:55:51,985 INFO    : 郑 15184446158 2018-03-04 22:52
2018-03-31 12:55:51,987 INFO    : 杨俊伟 13908201965 2018-03-04 22:43
2018-03-31 12:55:51,988 INFO    : 杨 18181835888 2018-03-04 22:18
2018-03-31 12:55:51,990 INFO    : 冯先生 15828545197 2018-03-04 22:10
2018-03-31 12:55:51,991 INFO    : 肖永模 18981118178 2018-03-04 22:07
2018-03-31 12:55:51,992 INFO    : 木乃以布 18781501177 2018-03-04 20:44
2018-03-31 12:55:51,992 INFO    : 刘 18681663238 2018-03-04 20:34
2018-03-31 12:55:51,993 INFO    : 镜舞龙韵 13458296960 2018-03-04 19:51
2018-03-31 12:55:53,585 INFO    : 林园杰 18227738162 2018-03-04 19:44
2018-03-31 12:55:53,587 INFO    : 李露 15982396653 2018-03-04 19:43
2018-03-31 12:55:53,589 INFO    : 李全林 13880497662 2018-03-04 19:03
2018-03-31 12:55:53,590 INFO    : 王云 18881985769 2018-03-04 17:41
2018-03-31 12:55:53,593 INFO    : 黄彬 17716164516 2018-03-04 16:38
2018-03-31 12:55:53,594 INFO    : 肖国兴 15298171751 2018-03-04 16:37
2018-03-31 12:55:53,595 INFO    : 罗先生 18188434255 2018-03-04 12:43
2018-03-31 12:55:53,596 INFO    : 倪少其 15908314647 2018-03-04 10:38
2018-03-31 12:55:53,598 INFO    : 客户 15828027975 2018-03-04 09:39
2018-03-31 12:55:53,600 INFO    : 何某 18090166213 2018-03-03 23:09
2018-03-31 12:55:53,602 INFO    : 赵凯 18613224528 2018-03-03 22:34
2018-03-31 12:55:53,603 INFO    : 罗先生 18382240252 2018-03-03 19:54
2018-03-31 12:55:53,605 INFO    : 代俊生 13540769706 2018-03-03 19:40
2018-03-31 12:55:53,606 INFO    : 吴方武 15390137369 2018-03-03 16:45
2018-03-31 12:55:53,608 INFO    : 李元建 13980101939 2018-03-03 16:31
2018-03-31 12:55:55,125 INFO    : 伍 15308075896 2018-03-03 16:16
2018-03-31 12:55:55,126 INFO    : 客户 085185826223 2018-03-03 14:22
2018-03-31 12:55:55,130 INFO    : 杨帅 18280172097 2018-03-03 11:22
2018-03-31 12:55:55,131 INFO    : 客户 18190370516 2018-03-03 09:25
2018-03-31 12:55:55,132 INFO    : 王治军 15882273608 2018-03-03 07:57
2018-03-31 12:55:55,133 INFO    : 周强 15982269789 2018-03-02 20:59
2018-03-31 12:55:55,134 INFO    : 陈小 18380908195 2018-03-02 16:28
2018-03-31 12:55:55,135 INFO    : 王巍 15283771658 2018-03-02 16:20
2018-03-31 12:55:55,136 INFO    : 何成海 18728788456 2018-03-02 16:15
2018-03-31 12:55:55,137 INFO    : 客户 18631494000 2018-03-02 16:11
2018-03-31 12:55:55,138 INFO    : 汤大兵 18981633030 2018-03-02 15:38
2018-03-31 12:55:55,139 INFO    : 任 18010680508 2018-03-02 15:19
2018-03-31 12:55:55,140 INFO    : 降措 13551987234 2018-03-02 14:27
2018-03-31 12:55:55,140 INFO    : 客户 18280332952 2018-03-02 14:06
2018-03-31 12:55:55,141 INFO    : 张合民 13881945642 2018-03-02 13:45
2018-03-31 12:55:56,568 INFO    : 曾德t 13982916573 2018-03-02 13:38
2018-03-31 12:55:56,569 INFO    : 春姐 13060027919 2018-03-02 13:11
2018-03-31 12:55:56,570 INFO    : 客户 18881254342 2018-03-02 11:57
2018-03-31 12:55:56,571 INFO    : 客户 13679004764 2018-03-02 11:56
2018-03-31 12:55:56,572 INFO    : 客户 15928934148 2018-03-02 11:49
2018-03-31 12:55:56,574 INFO    : 杨忠良 13708267408 2018-03-02 10:24
2018-03-31 12:55:56,574 INFO    : 李 18048183498 2018-03-01 22:38
2018-03-31 12:55:56,575 INFO    : 贵哥 18981753267 2018-03-01 21:20
2018-03-31 12:55:56,576 INFO    : 杨世刚 13698325712 2018-03-01 20:32
2018-03-31 12:55:56,577 INFO    : 王建 15208477329 2018-03-01 20:05
2018-03-31 12:55:56,577 INFO    : 飞仔 13540690089 2018-03-01 18:04
2018-03-31 12:55:56,578 INFO    : 客户 13651893803 2018-03-01 17:51
2018-03-31 12:55:56,579 INFO    : 胡先生 18990021473 2018-03-01 17:07
2018-03-31 12:55:56,580 INFO    : 周先生 13547915068 2018-03-01 16:50
2018-03-31 12:55:56,580 INFO    : 客户 18982773898 2018-03-01 16:35
2018-03-31 12:55:58,020 INFO    : 刘晶 18684084182 2018-03-01 16:29
2018-03-31 12:55:58,021 INFO    : 客户 18046790383 2018-03-01 14:47
2018-03-31 12:55:58,023 INFO    : 客户 02885721981 2018-03-01 13:39
2018-03-31 12:55:58,024 INFO    : 客户 18328139381 2018-03-01 13:16
2018-03-31 12:55:58,027 INFO    : 客户 13990306599 2018-03-01 13:16
2018-03-31 12:55:58,028 INFO    : 陈聪 15351233320 2018-03-01 12:20
2018-03-31 12:55:58,030 INFO    : 陈云 15244944041 2018-03-01 12:17
2018-03-31 12:55:58,031 INFO    : 吴金州 15378338047 2018-03-01 05:08
2018-03-31 12:55:58,033 INFO    : 左 13708211856 2018-03-01 04:58
2018-03-31 12:55:58,035 INFO    : 杨 15682070119 2018-03-01 02:58
2018-03-31 12:55:58,046 INFO    : 赵其忠 17738636869 2018-03-01 00:43
2018-03-31 12:55:58,048 INFO    : 李根生 18282472734 2018-02-28 22:21
2018-03-31 12:55:58,050 INFO    : 李 13699467015 2018-02-28 22:21
2018-03-31 12:55:58,051 INFO    : 周建兵 15528477477 2018-02-28 22:21
2018-03-31 12:55:58,052 INFO    : 刘禹 15283596379 2018-02-28 22:21
2018-03-31 12:55:59,478 INFO    : 石炳辉 13037858171 2018-02-28 22:21
2018-03-31 12:55:59,481 INFO    : 冯俊 18985680692 2018-02-28 22:21
2018-03-31 12:55:59,483 INFO    : 黎先生 18990997087 2018-02-28 22:20
2018-03-31 12:55:59,485 INFO    : 刘欢 13595028782 2018-02-28 22:20
2018-03-31 12:55:59,486 INFO    : 王玉松 15085556618 2018-02-28 22:20
2018-03-31 12:55:59,488 INFO    : 李白 13212322426 2018-02-28 22:19
2018-03-31 12:55:59,490 INFO    : 李如栋 15884361891 2018-02-28 22:19
2018-03-31 12:55:59,491 INFO    : 小陈 18681698182 2018-02-28 22:18
2018-03-31 12:55:59,492 INFO    : 孙荣锋 18282767111 2018-02-28 22:18
2018-03-31 12:55:59,494 INFO    : 李先生 13880234746 2018-02-28 20:41
2018-03-31 12:55:59,495 INFO    : 刘园园 13679076544 2018-02-28 19:24
2018-03-31 12:55:59,496 INFO    : 蒋昀轩 13219753617 2018-02-28 18:51
2018-03-31 12:55:59,497 INFO    : 客户 19983254116 2018-02-28 18:46
2018-03-31 12:55:59,501 INFO    : 伍琴芳 13990625398 2018-02-28 16:52
2018-03-31 12:55:59,503 INFO    : 龚贤慧 18161363611 2018-02-28 15:48
2018-03-31 12:56:01,064 INFO    : 何灵 15983723466 2018-02-28 15:36
2018-03-31 12:56:01,065 INFO    : 杨俊超 18090263255 2018-02-28 14:43
2018-03-31 12:56:01,067 INFO    : 姚楷 13541427272 2018-02-28 13:24
2018-03-31 12:56:01,068 INFO    : 客户 075561892813 2018-02-28 13:22
2018-03-31 12:56:01,069 INFO    : 张健 13882459616 2018-02-28 11:48
2018-03-31 12:56:01,070 INFO    : 客户 13336277129 2018-02-28 11:23
2018-03-31 12:56:01,072 INFO    : 熊志 13982290633 2018-02-28 10:58
2018-03-31 12:56:01,073 INFO    : 王先生 17723366391 2018-02-28 09:32
2018-03-31 12:56:01,074 INFO    : 肖先华 13458676299 2018-02-28 07:14
2018-03-31 12:56:01,075 INFO    : 王志高 13541402365 2018-02-28 07:13
2018-03-31 12:56:01,077 INFO    : 刘宇 15983058518 2018-02-28 01:01
2018-03-31 12:56:01,078 INFO    : 许杰 17394990998 2018-02-28 00:23
2018-03-31 12:58:02,102 ERROR   : cookie信息不正确
Traceback (most recent call last):
  File "C:\Desktop\djangocode\untitled1\yiche.py", line 133, in main
    start(cookie, History())
  File "C:\Desktop\djangocode\untitled1\yiche.py", line 69, in start
    remote.upload(file_name)
  File "C:\Desktop\djangocode\untitled1\remote.py", line 32, in upload
    ftp = Ftp()
  File "C:\Desktop\djangocode\untitled1\remote.py", line 15, in __init__
    self.ftp.connect(HOST, PORT)
  File "C:\Users\Chenli\AppData\Local\Programs\Python\Python36\lib\ftplib.py", line 155, in connect
    self.welcome = self.getresp()
  File "C:\Users\Chenli\AppData\Local\Programs\Python\Python36\lib\ftplib.py", line 236, in getresp
    resp = self.getmultiline()
  File "C:\Users\Chenli\AppData\Local\Programs\Python\Python36\lib\ftplib.py", line 226, in getmultiline
    nextline = self.getline()
  File "C:\Users\Chenli\AppData\Local\Programs\Python\Python36\lib\ftplib.py", line 210, in getline
    raise EOFError
EOFError
